=== MLB Pipeline Run Started 2025-09-07 11:00:01 ===
SCRIPT_DIR: C:\mlbData
PYTHON_EXE: C:\Users\liamp\AppData\Local\Programs\Python\Python313\python.exe
REPO_PATH: C:\Users\liamp\Desktop\mlb-site
MPLCONFIGDIR: C:\mlbData\_mplcache
--------------------------------------------------------------------------------
[2025-09-07 11:00:01] $ 'C:\Users\liamp\AppData\Local\Programs\Python\Python313\python.exe' update.py  # Running update.py
This is a large query, it may take a moment to complete

  0%|          | 0/6 [00:00<?, ?it/s]C:\Users\liamp\AppData\Local\Programs\Python\Python313\Lib\site-packages\pybaseball\datahelpers\postprocessing.py:59: FutureWarning: errors='ignore' is deprecated and will raise in a future version. Use to_datetime without passing `errors` and catch exceptions explicitly instead
  data_copy[column] = data_copy[column].apply(pd.to_datetime, errors='ignore', format=date_format)

 17%|█▋        | 1/6 [00:10<00:50, 10.14s/it]C:\Users\liamp\AppData\Local\Programs\Python\Python313\Lib\site-packages\pybaseball\datahelpers\postprocessing.py:59: FutureWarning: errors='ignore' is deprecated and will raise in a future version. Use to_datetime without passing `errors` and catch exceptions explicitly instead
  data_copy[column] = data_copy[column].apply(pd.to_datetime, errors='ignore', format=date_format)

 33%|███▎      | 2/6 [00:10<00:18,  4.58s/it]C:\Users\liamp\AppData\Local\Programs\Python\Python313\Lib\site-packages\pybaseball\datahelpers\postprocessing.py:59: FutureWarning: errors='ignore' is deprecated and will raise in a future version. Use to_datetime without passing `errors` and catch exceptions explicitly instead
  data_copy[column] = data_copy[column].apply(pd.to_datetime, errors='ignore', format=date_format)

 50%|█████     | 3/6 [00:11<00:07,  2.63s/it]C:\Users\liamp\AppData\Local\Programs\Python\Python313\Lib\site-packages\pybaseball\datahelpers\postprocessing.py:59: FutureWarning: errors='ignore' is deprecated and will raise in a future version. Use to_datetime without passing `errors` and catch exceptions explicitly instead
  data_copy[column] = data_copy[column].apply(pd.to_datetime, errors='ignore', format=date_format)

 67%|██████▋   | 4/6 [00:11<00:03,  1.79s/it]C:\Users\liamp\AppData\Local\Programs\Python\Python313\Lib\site-packages\pybaseball\datahelpers\postprocessing.py:59: FutureWarning: errors='ignore' is deprecated and will raise in a future version. Use to_datetime without passing `errors` and catch exceptions explicitly instead
  data_copy[column] = data_copy[column].apply(pd.to_datetime, errors='ignore', format=date_format)

 83%|████████▎ | 5/6 [00:12<00:01,  1.32s/it]
100%|██████████| 6/6 [00:12<00:00,  1.10it/s]
100%|██████████| 6/6 [00:12<00:00,  2.04s/it]
C:\Users\liamp\AppData\Local\Programs\Python\Python313\Lib\site-packages\pybaseball\statcast.py:85: FutureWarning: The behavior of DataFrame concatenation with empty or all-NA entries is deprecated. In a future version, this will no longer exclude empty or all-NA columns when determining the result dtypes. To retain the old behavior, exclude the relevant entries before the concat operation.
  final_data = pd.concat(dataframe_list, axis=0).convert_dtypes(convert_string=False)
[2025-09-07 11:00:44] $ 'C:\Users\liamp\AppData\Local\Programs\Python\Python313\python.exe' testMatchup.py  # Running testMatchup.py
Games scheduled for 2025-09-07: 15
Gathering player lookup table. This may take a moment.
Matchups generated: 210
Missing IDs for 29 players. Example: C. Meidroth, C. Williams, H. Hernandez, C. Montgomery, M. Acosta
Matchup data saved to: C:\mlbData\batter_vs_pitcher_auto_matchups.csv
Matchup data also saved to: C:\mlbData\batter_matchups.csv
Total results: 119
[2025-09-07 11:01:03] $ 'C:\Users\liamp\AppData\Local\Programs\Python\Python313\python.exe' pitcherMatchup.py  # Running pitcherMatchup.py
Games scheduled for 2025-09-07: 15
Gathering player lookup table. This may take a moment.
Pitcher-batter rows generated: 209
Missing IDs for 30 players. Example: G. Valera, Ronald Acuna, C. Simpson, Sal Stewart, T. Johnston
Pitcher matchup data saved to: C:\mlbData\pitcher_matchups.csv
Total results: 209
[2025-09-07 11:01:23] $ 'C:\Users\liamp\AppData\Local\Programs\Python\Python313\python.exe' weather.py  # Running weather.py
Games today: 15; Unique venues: 15
Weather data saved to: C:\mlbData\mlb_weather_today.csv
Prediction file saved to: C:\mlbData\mlb_high_scoring_predictions.csv
[2025-09-07 11:01:25] $ 'C:\Users\liamp\AppData\Local\Programs\Python\Python313\python.exe' kPred.py  # Running kPred.py
Gathering player lookup table. This may take a moment.
Missing batter IDs for Atlanta Braves: ['D. Baldwin', 'M. Harris', 'Ronald Acuna', 'N. Alvarez']
Missing batter IDs for Tampa Bay Rays: ['C. Simpson', 'E. Pereira', 'C. Williams']
Missing batter IDs for Cleveland Guardians: ['G. Valera']
Missing batter IDs for Pittsburgh Pirates: ['Cam Devanney']
Missing batter IDs for Chicago White Sox: ['C. Montgomery', 'W. Robertson', 'C. Meidroth']
Missing batter IDs for Cincinnati Reds: ['Sal Stewart']
Missing batter IDs for Miami Marlins: ['A. Ramirez', 'H. Hernandez', 'T. Johnston', 'M. Acosta']
Missing batter IDs for Kansas City Royals: ['J. Caglianone']
Missing batter IDs for Minnesota Twins: ['L. Keaschall']
Missing batter IDs for St. Louis Cardinals: ['N. Church']
Missing batter IDs for Washington Nationals: ['R. Hassell']
Missing batter IDs for Texas Rangers: ['A. Osuna']
Missing batter IDs for Colorado Rockies: ['W. Bernabel', 'Y. Fernandez']
Missing batter IDs for Los Angeles Angels: ['L. Davidson']
Missing batter IDs for Athletics: ['W. MacIver']
kPred.csv created with 30 rows at C:\mlbData\kPred.csv
[2025-09-07 11:01:39] $ 'C:\Users\liamp\AppData\Local\Programs\Python\Python313\python.exe' NRFI.py  # Running NRFI.py
C:\mlbData\NRFI.py:284: MatplotlibDeprecationWarning: The get_cmap function was deprecated in Matplotlib 3.7 and will be removed in 3.11. Use ``matplotlib.colormaps[name]`` or ``matplotlib.colormaps.get_cmap()`` or ``pyplot.get_cmap()`` instead.
  colors = cm.get_cmap('RdYlGn_r')(np.linspace(0, 1, len(results_df)))
Gathering player lookup table. This may take a moment.
NRFI report generated and saved to: C:\Users\liamp\Desktop\mlb-site\nrfi.html
[2025-09-07 11:02:00] $ 'C:\Users\liamp\AppData\Local\Programs\Python\Python313\python.exe' pitcher.py  # Running pitcher.py
Pitchers page created at: C:\Users\liamp\Desktop\mlb-site\pitchers.html
[2025-09-07 11:02:16] $ 'C:\Users\liamp\AppData\Local\Programs\Python\Python313\python.exe' topProps.py  # Running topProps.py
Top props page saved to: C:\Users\liamp\Desktop\mlb-site\top_props.html
[2025-09-07 11:02:18] $ 'C:\Users\liamp\AppData\Local\Programs\Python\Python313\python.exe' slate.py  # Running slate.py
Slate page generated successfully.
[2025-09-07 11:02:19] $ 'C:\Users\liamp\AppData\Local\Programs\Python\Python313\python.exe' index_page.py  # Running index_page.py
✅ HTML saved to C:\Users\liamp\Desktop\mlb-site\index.html
--------------------------------------------------------------------------------
Pushing updated HTML files to GitHub Pages...
[2025-09-07 11:02:33] $ 'C:\Users\liamp\AppData\Local\Programs\Git\cmd\git.exe' add .  # git add .
[2025-09-07 11:02:33] $ 'C:\Users\liamp\AppData\Local\Programs\Git\cmd\git.exe' commit -m 'Auto update HTMLs'  # git commit
[main 49761c1] Auto update HTMLs
 Committer: Liam Passi <Liamp@dorasnaturals.net>
Your name and email address were configured automatically based
on your username and hostname. Please check that they are accurate.
You can suppress this message by setting them explicitly:

    git config --global user.name "Your Name"
    git config --global user.email you@example.com

After doing this, you may fix the identity used for this commit with:

    git commit --amend --reset-author

 7 files changed, 5733 insertions(+), 5689 deletions(-)
 create mode 100644 _logs/run_20250907_110001.log
[2025-09-07 11:02:34] $ 'C:\Users\liamp\AppData\Local\Programs\Git\cmd\git.exe' push  # git push
To https://github.com/youngfinito/mlb-site.git
   413f0c5..49761c1  main -> main
=== MLB Pipeline Run Finished 2025-09-07 11:02:35 ===
