=== MLB Pipeline Run Started 2025-09-19 00:00:02 ===
SCRIPT_DIR: C:\mlbData
PYTHON_EXE: C:\Users\liamp\AppData\Local\Programs\Python\Python313\python.exe
REPO_PATH: C:\Users\liamp\Desktop\mlb-site
MPLCONFIGDIR: C:\mlbData\_mplcache
--------------------------------------------------------------------------------
[2025-09-19 00:00:02] $ 'C:\Users\liamp\AppData\Local\Programs\Python\Python313\python.exe' update.py  # Running update.py
This is a large query, it may take a moment to complete

  0%|          | 0/6 [00:00<?, ?it/s]C:\Users\liamp\AppData\Local\Programs\Python\Python313\Lib\site-packages\pybaseball\datahelpers\postprocessing.py:59: FutureWarning: errors='ignore' is deprecated and will raise in a future version. Use to_datetime without passing `errors` and catch exceptions explicitly instead
  data_copy[column] = data_copy[column].apply(pd.to_datetime, errors='ignore', format=date_format)

 17%|█▋        | 1/6 [00:00<00:02,  2.06it/s]C:\Users\liamp\AppData\Local\Programs\Python\Python313\Lib\site-packages\pybaseball\datahelpers\postprocessing.py:59: FutureWarning: errors='ignore' is deprecated and will raise in a future version. Use to_datetime without passing `errors` and catch exceptions explicitly instead
  data_copy[column] = data_copy[column].apply(pd.to_datetime, errors='ignore', format=date_format)

 33%|███▎      | 2/6 [00:00<00:01,  2.75it/s]C:\Users\liamp\AppData\Local\Programs\Python\Python313\Lib\site-packages\pybaseball\datahelpers\postprocessing.py:59: FutureWarning: errors='ignore' is deprecated and will raise in a future version. Use to_datetime without passing `errors` and catch exceptions explicitly instead
  data_copy[column] = data_copy[column].apply(pd.to_datetime, errors='ignore', format=date_format)

 50%|█████     | 3/6 [00:01<00:01,  2.38it/s]C:\Users\liamp\AppData\Local\Programs\Python\Python313\Lib\site-packages\pybaseball\datahelpers\postprocessing.py:59: FutureWarning: errors='ignore' is deprecated and will raise in a future version. Use to_datetime without passing `errors` and catch exceptions explicitly instead
  data_copy[column] = data_copy[column].apply(pd.to_datetime, errors='ignore', format=date_format)

 67%|██████▋   | 4/6 [00:01<00:00,  2.49it/s]
100%|██████████| 6/6 [00:01<00:00,  4.60it/s]
100%|██████████| 6/6 [00:01<00:00,  3.46it/s]
C:\Users\liamp\AppData\Local\Programs\Python\Python313\Lib\site-packages\pybaseball\statcast.py:85: FutureWarning: The behavior of DataFrame concatenation with empty or all-NA entries is deprecated. In a future version, this will no longer exclude empty or all-NA columns when determining the result dtypes. To retain the old behavior, exclude the relevant entries before the concat operation.
  final_data = pd.concat(dataframe_list, axis=0).convert_dtypes(convert_string=False)
[2025-09-19 00:00:39] $ 'C:\Users\liamp\AppData\Local\Programs\Python\Python313\python.exe' testMatchup.py  # Running testMatchup.py
Games scheduled for 2025-09-19: 15
Gathering player lookup table. This may take a moment.
Matchups generated: 99
Missing IDs for 9 players. Example: S. Basallo, S. Rivero, C. Moore, C. Jensen, J. Caglianone
Matchup data saved to: C:\mlbData\batter_vs_pitcher_auto_matchups.csv
Matchup data also saved to: C:\mlbData\batter_matchups.csv
Total results: 78
[2025-09-19 00:01:01] $ 'C:\Users\liamp\AppData\Local\Programs\Python\Python313\python.exe' pitcherMatchup.py  # Running pitcherMatchup.py
Games scheduled for 2025-09-19: 15
Gathering player lookup table. This may take a moment.
Pitcher-batter rows generated: 97
Missing IDs for 11 players. Example: S. Basallo, C. Simpson, C. Moore, S. Rivero, D. Guzman
Pitcher matchup data saved to: C:\mlbData\pitcher_matchups.csv
Total results: 97
[2025-09-19 00:01:21] $ 'C:\Users\liamp\AppData\Local\Programs\Python\Python313\python.exe' weather.py  # Running weather.py
C:\mlbData\weather.py:200: FutureWarning: Downcasting behavior in `replace` is deprecated and will be removed in a future version. To retain the old behavior, explicitly call `result.infer_objects(copy=False)`. To opt-in to the future behavior, set `pd.set_option('future.no_silent_downcasting', True)`
  train = train.replace("Missing Info", np.nan)
Games today: 15; Unique venues: 15
[WARN] No city mapping for venue: Daikin Park
Weather data saved to: C:\mlbData\mlb_weather_today.csv
Prediction file saved to: C:\mlbData\mlb_high_scoring_predictions.csv
[2025-09-19 00:01:29] $ 'C:\Users\liamp\AppData\Local\Programs\Python\Python313\python.exe' kPred.py  # Running kPred.py
kPred.csv created with 20 rows at C:\mlbData\kPred.csv
[2025-09-19 00:01:41] $ 'C:\Users\liamp\AppData\Local\Programs\Python\Python313\python.exe' NRFI.py  # Running NRFI.py
NRFI report generated and saved to: C:\Users\liamp\Desktop\mlb-site\nrfi.html
[2025-09-19 00:01:56] $ 'C:\Users\liamp\AppData\Local\Programs\Python\Python313\python.exe' pitcher.py  # Running pitcher.py
Pitchers page created at: C:\Users\liamp\Desktop\mlb-site\pitchers.html
[2025-09-19 00:02:14] $ 'C:\Users\liamp\AppData\Local\Programs\Python\Python313\python.exe' topProps.py  # Running topProps.py
Top props page saved to: C:\Users\liamp\Desktop\mlb-site\top_props.html
[2025-09-19 00:02:15] $ 'C:\Users\liamp\AppData\Local\Programs\Python\Python313\python.exe' slate.py  # Running slate.py
Slate page generated successfully.
[2025-09-19 00:02:16] $ 'C:\Users\liamp\AppData\Local\Programs\Python\Python313\python.exe' index_page.py  # Running index_page.py
✅ HTML saved to C:\Users\liamp\Desktop\mlb-site\index.html
--------------------------------------------------------------------------------
Pushing updated HTML files to GitHub Pages...
[2025-09-19 00:02:31] $ 'C:\Users\liamp\AppData\Local\Programs\Git\cmd\git.exe' add .  # git add .
[2025-09-19 00:02:32] $ 'C:\Users\liamp\AppData\Local\Programs\Git\cmd\git.exe' commit -m 'Auto update HTMLs'  # git commit
[main 94932b8] Auto update HTMLs
 Committer: Liam Passi <Liamp@dorasnaturals.net>
Your name and email address were configured automatically based
on your username and hostname. Please check that they are accurate.
You can suppress this message by setting them explicitly:

    git config --global user.name "Your Name"
    git config --global user.email you@example.com

After doing this, you may fix the identity used for this commit with:

    git commit --amend --reset-author

 7 files changed, 3895 insertions(+), 4873 deletions(-)
 create mode 100644 _logs/run_20250919_000002.log
[2025-09-19 00:02:32] $ 'C:\Users\liamp\AppData\Local\Programs\Git\cmd\git.exe' push  # git push
To https://github.com/youngfinito/mlb-site.git
   7064d6e..94932b8  main -> main
=== MLB Pipeline Run Finished 2025-09-19 00:02:36 ===
