=== MLB Pipeline Run Started 2025-08-15 03:00:02 ===
SCRIPT_DIR: C:\mlbData
PYTHON_EXE: C:\Users\liamp\AppData\Local\Programs\Python\Python313\python.exe
REPO_PATH: C:\Users\liamp\Desktop\mlb-site
MPLCONFIGDIR: C:\mlbData\_mplcache
--------------------------------------------------------------------------------
[2025-08-15 03:00:02] $ 'C:\Users\liamp\AppData\Local\Programs\Python\Python313\python.exe' update.py  # Running update.py
This is a large query, it may take a moment to complete

  0%|          | 0/6 [00:00<?, ?it/s]C:\Users\liamp\AppData\Local\Programs\Python\Python313\Lib\site-packages\pybaseball\datahelpers\postprocessing.py:59: FutureWarning: errors='ignore' is deprecated and will raise in a future version. Use to_datetime without passing `errors` and catch exceptions explicitly instead
  data_copy[column] = data_copy[column].apply(pd.to_datetime, errors='ignore', format=date_format)

 17%|█▋        | 1/6 [00:00<00:02,  2.03it/s]C:\Users\liamp\AppData\Local\Programs\Python\Python313\Lib\site-packages\pybaseball\datahelpers\postprocessing.py:59: FutureWarning: errors='ignore' is deprecated and will raise in a future version. Use to_datetime without passing `errors` and catch exceptions explicitly instead
  data_copy[column] = data_copy[column].apply(pd.to_datetime, errors='ignore', format=date_format)

 33%|███▎      | 2/6 [00:00<00:01,  2.58it/s]C:\Users\liamp\AppData\Local\Programs\Python\Python313\Lib\site-packages\pybaseball\datahelpers\postprocessing.py:59: FutureWarning: errors='ignore' is deprecated and will raise in a future version. Use to_datetime without passing `errors` and catch exceptions explicitly instead
  data_copy[column] = data_copy[column].apply(pd.to_datetime, errors='ignore', format=date_format)

 50%|█████     | 3/6 [00:01<00:01,  2.41it/s]C:\Users\liamp\AppData\Local\Programs\Python\Python313\Lib\site-packages\pybaseball\datahelpers\postprocessing.py:59: FutureWarning: errors='ignore' is deprecated and will raise in a future version. Use to_datetime without passing `errors` and catch exceptions explicitly instead
  data_copy[column] = data_copy[column].apply(pd.to_datetime, errors='ignore', format=date_format)

 67%|██████▋   | 4/6 [00:01<00:00,  2.39it/s]
100%|██████████| 6/6 [00:01<00:00,  4.24it/s]
100%|██████████| 6/6 [00:01<00:00,  3.29it/s]
C:\Users\liamp\AppData\Local\Programs\Python\Python313\Lib\site-packages\pybaseball\statcast.py:85: FutureWarning: The behavior of DataFrame concatenation with empty or all-NA entries is deprecated. In a future version, this will no longer exclude empty or all-NA columns when determining the result dtypes. To retain the old behavior, exclude the relevant entries before the concat operation.
  final_data = pd.concat(dataframe_list, axis=0).convert_dtypes(convert_string=False)
[2025-08-15 03:00:48] $ 'C:\Users\liamp\AppData\Local\Programs\Python\Python313\python.exe' testMatchup.py  # Running testMatchup.py
Games scheduled for 2025-08-15: 15
Gathering player lookup table. This may take a moment.
Matchups generated: 237
Missing IDs for 16 players. Example: T. Peters, W. MacIver, T. Johnston, L. Keaschall, H. Hernandez
Matchup data saved to: C:\mlbData\batter_vs_pitcher_auto_matchups.csv
Matchup data also saved to: C:\mlbData\batter_matchups.csv
Total results: 124
[2025-08-15 03:01:13] $ 'C:\Users\liamp\AppData\Local\Programs\Python\Python313\python.exe' pitcherMatchup.py  # Running pitcherMatchup.py
Games scheduled for 2025-08-15: 15
Gathering player lookup table. This may take a moment.
Gathering player lookup table. This may take a moment.
Gathering player lookup table. This may take a moment.
Gathering player lookup table. This may take a moment.
Gathering player lookup table. This may take a moment.
Gathering player lookup table. This may take a moment.
Gathering player lookup table. This may take a moment.
Gathering player lookup table. This may take a moment.
Gathering player lookup table. This may take a moment.
Gathering player lookup table. This may take a moment.
Gathering player lookup table. This may take a moment.
Gathering player lookup table. This may take a moment.
Gathering player lookup table. This may take a moment.
Gathering player lookup table. This may take a moment.
Gathering player lookup table. This may take a moment.
Gathering player lookup table. This may take a moment.
Gathering player lookup table. This may take a moment.
Gathering player lookup table. This may take a moment.
Gathering player lookup table. This may take a moment.
Gathering player lookup table. This may take a moment.
Gathering player lookup table. This may take a moment.
Pitcher-batter rows generated: 240
Missing IDs for 13 players. Example: N. Alvarez, R. Anthony, M. Harris, W. Bernabel, W. MacIver
Pitcher matchup data saved to: C:\mlbData\pitcher_matchups.csv
Total results: 240
[2025-08-15 03:01:49] $ 'C:\Users\liamp\AppData\Local\Programs\Python\Python313\python.exe' weather.py  # Running weather.py
C:\mlbData\weather.py:200: FutureWarning: Downcasting behavior in `replace` is deprecated and will be removed in a future version. To retain the old behavior, explicitly call `result.infer_objects(copy=False)`. To opt-in to the future behavior, set `pd.set_option('future.no_silent_downcasting', True)`
  train = train.replace("Missing Info", np.nan)
C:\Users\liamp\AppData\Local\Programs\Python\Python313\Lib\site-packages\sklearn\impute\_base.py:637: UserWarning: Skipping features without any observed values: ['Temperature (F)' 'Humidity (%)' 'Wind Speed (mph)']. At least one non-missing value is needed for imputation with strategy='mean'.
  warnings.warn(
Games today: 15; Unique venues: 15
[ERROR] Weather fetch failed for Wrigley Field (Chicago,US): HTTPSConnectionPool(host='api.openweathermap.org', port=443): Max retries exceeded with url: /data/2.5/weather?appid=cbc3946c0996aef7218de807242aafa0&units=imperial&q=Chicago%2CUS (Caused by NameResolutionError("<urllib3.connection.HTTPSConnection object at 0x00000132E55734D0>: Failed to resolve 'api.openweathermap.org' ([Errno 11001] getaddrinfo failed)"))
[ERROR] Weather fetch failed for Great American Ball Park (Cincinnati,US): HTTPSConnectionPool(host='api.openweathermap.org', port=443): Max retries exceeded with url: /data/2.5/weather?appid=cbc3946c0996aef7218de807242aafa0&units=imperial&q=Cincinnati%2CUS (Caused by NameResolutionError("<urllib3.connection.HTTPSConnection object at 0x00000132E55C7110>: Failed to resolve 'api.openweathermap.org' ([Errno 11001] getaddrinfo failed)"))
[ERROR] Weather fetch failed for Nationals Park (Washington,US): HTTPSConnectionPool(host='api.openweathermap.org', port=443): Max retries exceeded with url: /data/2.5/weather?appid=cbc3946c0996aef7218de807242aafa0&units=imperial&q=Washington%2CUS (Caused by NameResolutionError("<urllib3.connection.HTTPSConnection object at 0x00000132E55C7750>: Failed to resolve 'api.openweathermap.org' ([Errno 11001] getaddrinfo failed)"))
[ERROR] Weather fetch failed for Rogers Centre (Toronto,CA): HTTPSConnectionPool(host='api.openweathermap.org', port=443): Max retries exceeded with url: /data/2.5/weather?appid=cbc3946c0996aef7218de807242aafa0&units=imperial&q=Toronto%2CCA (Caused by NameResolutionError("<urllib3.connection.HTTPSConnection object at 0x00000132E55C7B10>: Failed to resolve 'api.openweathermap.org' ([Errno 11001] getaddrinfo failed)"))
[ERROR] Weather fetch failed for Citi Field (New York,US): HTTPSConnectionPool(host='api.openweathermap.org', port=443): Max retries exceeded with url: /data/2.5/weather?appid=cbc3946c0996aef7218de807242aafa0&units=imperial&q=New+York%2CUS (Caused by NameResolutionError("<urllib3.connection.HTTPSConnection object at 0x00000132E55C7ED0>: Failed to resolve 'api.openweathermap.org' ([Errno 11001] getaddrinfo failed)"))
[ERROR] Weather fetch failed for Progressive Field (Cleveland,US): HTTPSConnectionPool(host='api.openweathermap.org', port=443): Max retries exceeded with url: /data/2.5/weather?appid=cbc3946c0996aef7218de807242aafa0&units=imperial&q=Cleveland%2CUS (Caused by NameResolutionError("<urllib3.connection.HTTPSConnection object at 0x00000132E55C7D90>: Failed to resolve 'api.openweathermap.org' ([Errno 11001] getaddrinfo failed)"))
[ERROR] Weather fetch failed for Fenway Park (Boston,US): HTTPSConnectionPool(host='api.openweathermap.org', port=443): Max retries exceeded with url: /data/2.5/weather?appid=cbc3946c0996aef7218de807242aafa0&units=imperial&q=Boston%2CUS (Caused by NameResolutionError("<urllib3.connection.HTTPSConnection object at 0x00000132E55C79D0>: Failed to resolve 'api.openweathermap.org' ([Errno 11001] getaddrinfo failed)"))
[WARN] No city mapping for venue: Daikin Park
[ERROR] Weather fetch failed for Target Field (Minneapolis,US): HTTPSConnectionPool(host='api.openweathermap.org', port=443): Max retries exceeded with url: /data/2.5/weather?appid=cbc3946c0996aef7218de807242aafa0&units=imperial&q=Minneapolis%2CUS (Caused by NameResolutionError("<urllib3.connection.HTTPSConnection object at 0x00000132E55C7750>: Failed to resolve 'api.openweathermap.org' ([Errno 11001] getaddrinfo failed)"))
[ERROR] Weather fetch failed for Kauffman Stadium (Kansas City,US): HTTPSConnectionPool(host='api.openweathermap.org', port=443): Max retries exceeded with url: /data/2.5/weather?appid=cbc3946c0996aef7218de807242aafa0&units=imperial&q=Kansas+City%2CUS (Caused by NameResolutionError("<urllib3.connection.HTTPSConnection object at 0x00000132E55C6FD0>: Failed to resolve 'api.openweathermap.org' ([Errno 11001] getaddrinfo failed)"))
[ERROR] Weather fetch failed for Busch Stadium (St. Louis,US): HTTPSConnectionPool(host='api.openweathermap.org', port=443): Max retries exceeded with url: /data/2.5/weather?appid=cbc3946c0996aef7218de807242aafa0&units=imperial&q=St.+Louis%2CUS (Caused by NameResolutionError("<urllib3.connection.HTTPSConnection object at 0x00000132E55C7250>: Failed to resolve 'api.openweathermap.org' ([Errno 11001] getaddrinfo failed)"))
[ERROR] Weather fetch failed for Coors Field (Denver,US): HTTPSConnectionPool(host='api.openweathermap.org', port=443): Max retries exceeded with url: /data/2.5/weather?appid=cbc3946c0996aef7218de807242aafa0&units=imperial&q=Denver%2CUS (Caused by NameResolutionError("<urllib3.connection.HTTPSConnection object at 0x00000132E55C6990>: Failed to resolve 'api.openweathermap.org' ([Errno 11001] getaddrinfo failed)"))
[ERROR] Weather fetch failed for Sutter Health Park (Sacramento,US): HTTPSConnectionPool(host='api.openweathermap.org', port=443): Max retries exceeded with url: /data/2.5/weather?appid=cbc3946c0996aef7218de807242aafa0&units=imperial&q=Sacramento%2CUS (Caused by NameResolutionError("<urllib3.connection.HTTPSConnection object at 0x00000132E55C6850>: Failed to resolve 'api.openweathermap.org' ([Errno 11001] getaddrinfo failed)"))
[ERROR] Weather fetch failed for Dodger Stadium (Los Angeles,US): HTTPSConnectionPool(host='api.openweathermap.org', port=443): Max retries exceeded with url: /data/2.5/weather?appid=cbc3946c0996aef7218de807242aafa0&units=imperial&q=Los+Angeles%2CUS (Caused by NameResolutionError("<urllib3.connection.HTTPSConnection object at 0x00000132E6C74410>: Failed to resolve 'api.openweathermap.org' ([Errno 11001] getaddrinfo failed)"))
[ERROR] Weather fetch failed for Oracle Park (San Francisco,US): HTTPSConnectionPool(host='api.openweathermap.org', port=443): Max retries exceeded with url: /data/2.5/weather?appid=cbc3946c0996aef7218de807242aafa0&units=imperial&q=San+Francisco%2CUS (Caused by NameResolutionError("<urllib3.connection.HTTPSConnection object at 0x00000132E6C747D0>: Failed to resolve 'api.openweathermap.org' ([Errno 11001] getaddrinfo failed)"))
Weather data saved to: C:\mlbData\mlb_weather_today.csv
[ERROR] Model fit failed: For a sparse output, all columns should be a numeric or convertible to a numeric.
[2025-08-15 03:01:51] $ 'C:\Users\liamp\AppData\Local\Programs\Python\Python313\python.exe' kPred.py  # Running kPred.py
Gathering player lookup table. This may take a moment.
Missing batter IDs for Boston Red Sox: ['R. Anthony', 'C. Montgomery']
Missing batter IDs for Miami Marlins: ['A. Ramirez', 'H. Hernandez', 'T. Johnston']
Missing batter IDs for Cleveland Guardians: ['C.J. Kayfus']
Missing batter IDs for Atlanta Braves: ['M. Harris', 'N. Alvarez']
Missing batter IDs for Minnesota Twins: ['L. Keaschall']
Missing batter IDs for Colorado Rockies: ['W. Bernabel']
Missing batter IDs for Arizona Diamondbacks: ['A. Del Castillo']
Missing batter IDs for Athletics: ['W. MacIver']
Missing batter IDs for Los Angeles Dodgers: ['A. Freeland']
Missing batter IDs for Tampa Bay Rays: ['C. Simpson', 'T. Peters']
kPred.csv created with 30 rows at C:\mlbData\kPred.csv
[2025-08-15 03:02:12] $ 'C:\Users\liamp\AppData\Local\Programs\Python\Python313\python.exe' NRFI.py  # Running NRFI.py
C:\mlbData\NRFI.py:284: MatplotlibDeprecationWarning: The get_cmap function was deprecated in Matplotlib 3.7 and will be removed in 3.11. Use ``matplotlib.colormaps[name]`` or ``matplotlib.colormaps.get_cmap()`` or ``pyplot.get_cmap()`` instead.
  colors = cm.get_cmap('RdYlGn_r')(np.linspace(0, 1, len(results_df)))
Gathering player lookup table. This may take a moment.
NRFI report generated and saved to: C:\Users\liamp\Desktop\mlb-site\nrfi.html
[2025-08-15 03:02:39] $ 'C:\Users\liamp\AppData\Local\Programs\Python\Python313\python.exe' pitcher.py  # Running pitcher.py
Pitchers page created at: C:\Users\liamp\Desktop\mlb-site\pitchers.html
[2025-08-15 03:03:04] $ 'C:\Users\liamp\AppData\Local\Programs\Python\Python313\python.exe' topProps.py  # Running topProps.py
Top props page saved to: C:\Users\liamp\Desktop\mlb-site\top_props.html
[2025-08-15 03:03:05] $ 'C:\Users\liamp\AppData\Local\Programs\Python\Python313\python.exe' slate.py  # Running slate.py
Slate page generated successfully.
[2025-08-15 03:03:07] $ 'C:\Users\liamp\AppData\Local\Programs\Python\Python313\python.exe' index_page.py  # Running index_page.py
✅ HTML saved to C:\Users\liamp\Desktop\mlb-site\index.html
--------------------------------------------------------------------------------
Pushing updated HTML files to GitHub Pages...
[2025-08-15 03:03:26] $ 'C:\Users\liamp\AppData\Local\Programs\Git\cmd\git.exe' add .  # git add .
[2025-08-15 03:03:26] $ 'C:\Users\liamp\AppData\Local\Programs\Git\cmd\git.exe' commit -m 'Auto update HTMLs'  # git commit
[main 156e816] Auto update HTMLs
 Committer: Liam Passi <Liamp@dorasnaturals.net>
Your name and email address were configured automatically based
on your username and hostname. Please check that they are accurate.
You can suppress this message by setting them explicitly:

    git config --global user.name "Your Name"
    git config --global user.email you@example.com

After doing this, you may fix the identity used for this commit with:

    git commit --amend --reset-author

 7 files changed, 6060 insertions(+), 3163 deletions(-)
 create mode 100644 _logs/run_20250815_030002.log
[2025-08-15 03:03:26] $ 'C:\Users\liamp\AppData\Local\Programs\Git\cmd\git.exe' push  # git push
To https://github.com/youngfinito/mlb-site.git
   9c30768..156e816  main -> main
=== MLB Pipeline Run Finished 2025-08-15 03:03:27 ===
