=== MLB Pipeline Run Started 2026-03-29 13:00:02 ===
SCRIPT_DIR: C:\mlbData
PYTHON_EXE: C:\Users\liamp\AppData\Local\Programs\Python\Python313\python.exe
REPO_PATH: C:\Users\liamp\Desktop\mlb-site
MPLCONFIGDIR: C:\mlbData\_mplcache
--------------------------------------------------------------------------------
[2026-03-29 13:00:02] $ 'C:\Users\liamp\AppData\Local\Programs\Python\Python313\python.exe' update.py  # Running update.py
This is a large query, it may take a moment to complete

  0%|          | 0/6 [00:00<?, ?it/s]C:\Users\liamp\AppData\Local\Programs\Python\Python313\Lib\site-packages\pybaseball\datahelpers\postprocessing.py:59: FutureWarning: errors='ignore' is deprecated and will raise in a future version. Use to_datetime without passing `errors` and catch exceptions explicitly instead
  data_copy[column] = data_copy[column].apply(pd.to_datetime, errors='ignore', format=date_format)

 17%|█▋        | 1/6 [00:00<00:01,  2.77it/s]C:\Users\liamp\AppData\Local\Programs\Python\Python313\Lib\site-packages\pybaseball\datahelpers\postprocessing.py:59: FutureWarning: errors='ignore' is deprecated and will raise in a future version. Use to_datetime without passing `errors` and catch exceptions explicitly instead
  data_copy[column] = data_copy[column].apply(pd.to_datetime, errors='ignore', format=date_format)

 33%|███▎      | 2/6 [00:00<00:00,  4.76it/s]C:\Users\liamp\AppData\Local\Programs\Python\Python313\Lib\site-packages\pybaseball\datahelpers\postprocessing.py:59: FutureWarning: errors='ignore' is deprecated and will raise in a future version. Use to_datetime without passing `errors` and catch exceptions explicitly instead
  data_copy[column] = data_copy[column].apply(pd.to_datetime, errors='ignore', format=date_format)

 50%|█████     | 3/6 [00:00<00:00,  4.28it/s]C:\Users\liamp\AppData\Local\Programs\Python\Python313\Lib\site-packages\pybaseball\datahelpers\postprocessing.py:59: FutureWarning: errors='ignore' is deprecated and will raise in a future version. Use to_datetime without passing `errors` and catch exceptions explicitly instead
  data_copy[column] = data_copy[column].apply(pd.to_datetime, errors='ignore', format=date_format)

 67%|██████▋   | 4/6 [00:00<00:00,  4.16it/s]C:\Users\liamp\AppData\Local\Programs\Python\Python313\Lib\site-packages\pybaseball\datahelpers\postprocessing.py:59: FutureWarning: errors='ignore' is deprecated and will raise in a future version. Use to_datetime without passing `errors` and catch exceptions explicitly instead
  data_copy[column] = data_copy[column].apply(pd.to_datetime, errors='ignore', format=date_format)

 83%|████████▎ | 5/6 [00:01<00:00,  3.55it/s]
100%|██████████| 6/6 [00:01<00:00,  4.38it/s]
C:\Users\liamp\AppData\Local\Programs\Python\Python313\Lib\site-packages\pybaseball\statcast.py:85: FutureWarning: The behavior of DataFrame concatenation with empty or all-NA entries is deprecated. In a future version, this will no longer exclude empty or all-NA columns when determining the result dtypes. To retain the old behavior, exclude the relevant entries before the concat operation.
  final_data = pd.concat(dataframe_list, axis=0).convert_dtypes(convert_string=False)
[2026-03-29 13:00:55] $ 'C:\Users\liamp\AppData\Local\Programs\Python\Python313\python.exe' testMatchup.py  # Running testMatchup.py
Games scheduled for 2026-03-29: 12
Gathering player lookup table. This may take a moment.
Matchups generated: 177
Missing IDs for 31 players. Example: H. Hernandez, T. Rumfield, CJ Kayfus, S. Basallo, D. Baldwin
Matchup data saved to: C:\mlbData\batter_vs_pitcher_auto_matchups.csv
Matchup data also saved to: C:\mlbData\batter_matchups.csv
Total results: 79
[2026-03-29 13:01:47] $ 'C:\Users\liamp\AppData\Local\Programs\Python\Python313\python.exe' pitcherMatchup.py  # Running pitcherMatchup.py
Games scheduled for 2026-03-29: 12
Gathering player lookup table. This may take a moment.
Pitcher-batter rows generated: 177
Missing IDs for 31 players. Example: C. Montgomery, D. De Los Santos, D. Baldwin, M. Ballesteros, T. Peters
Pitcher matchup data saved to: C:\mlbData\pitcher_matchups.csv
Total results: 177
[2026-03-29 13:02:41] $ 'C:\Users\liamp\AppData\Local\Programs\Python\Python313\python.exe' weather.py  # Running weather.py
C:\mlbData\weather.py:200: FutureWarning: Downcasting behavior in `replace` is deprecated and will be removed in a future version. To retain the old behavior, explicitly call `result.infer_objects(copy=False)`. To opt-in to the future behavior, set `pd.set_option('future.no_silent_downcasting', True)`
  train = train.replace("Missing Info", np.nan)
C:\Users\liamp\AppData\Local\Programs\Python\Python313\Lib\site-packages\sklearn\impute\_base.py:637: UserWarning: Skipping features without any observed values: ['Temperature (F)' 'Humidity (%)' 'Wind Speed (mph)']. At least one non-missing value is needed for imputation with strategy='mean'.
  warnings.warn(
C:\Users\liamp\AppData\Local\Programs\Python\Python313\Lib\site-packages\sklearn\impute\_base.py:637: UserWarning: Skipping features without any observed values: ['Temperature (F)' 'Humidity (%)' 'Wind Speed (mph)']. At least one non-missing value is needed for imputation with strategy='mean'.
  warnings.warn(
C:\Users\liamp\AppData\Local\Programs\Python\Python313\Lib\site-packages\sklearn\impute\_base.py:637: UserWarning: Skipping features without any observed values: ['Temperature (F)' 'Humidity (%)' 'Wind Speed (mph)']. At least one non-missing value is needed for imputation with strategy='mean'.
  warnings.warn(
Games today: 12; Unique venues: 1
[WARN] No city mapping for venue: nan
Weather data saved to: C:\mlbData\mlb_weather_today.csv
Prediction file saved to: C:\mlbData\mlb_high_scoring_predictions.csv
[2026-03-29 13:02:44] $ 'C:\Users\liamp\AppData\Local\Programs\Python\Python313\python.exe' kPred.py  # Running kPred.py
Gathering player lookup table. This may take a moment.
Missing batter IDs for Orioles: ['S. Basallo', 'D. Beavers']
Missing batter IDs for Twins: ['L. Keaschall']
Missing batter IDs for Braves: ['Ronald Acuna', 'D. Baldwin', 'M. Harris']
Missing batter IDs for Royals: ['C. Jensen', 'J. Caglianone']
Missing batter IDs for Phillies: ['Avisail Garcia']
Missing batter IDs for Blue Jays: ['K. Okamoto']
Missing batter IDs for Athletics: ['D. Clarke']
Missing batter IDs for Red Sox: ['R. Anthony', 'M. Mayer']
Missing batter IDs for Mets: ['Carson Benge']
Missing batter IDs for Marlins: ['A. Ramirez', 'H. Hernandez', 'D. De Los Santos']
Missing batter IDs for Rockies: ['T. Rumfield']
Missing batter IDs for Brewers: ['J. Quero']
Missing batter IDs for White Sox: ['C. Meidroth', 'M. Murakami', 'C. Montgomery', 'E. Pereira', 'T. Peters']
Missing batter IDs for Cardinals: ['J. Wetherholt']
Missing batter IDs for Rays: ['C. Simpson', 'C. Williams']
Missing batter IDs for Cubs: ['M. Ballesteros']
Missing batter IDs for Guardians: ['C. DeLauter', 'CJ Kayfus']
kPred.csv created with 24 rows at C:\mlbData\kPred.csv
[2026-03-29 13:03:34] $ 'C:\Users\liamp\AppData\Local\Programs\Python\Python313\python.exe' NRFI.py  # Running NRFI.py
C:\mlbData\NRFI.py:284: MatplotlibDeprecationWarning: The get_cmap function was deprecated in Matplotlib 3.7 and will be removed in 3.11. Use ``matplotlib.colormaps[name]`` or ``matplotlib.colormaps.get_cmap()`` or ``pyplot.get_cmap()`` instead.
  colors = cm.get_cmap('RdYlGn_r')(np.linspace(0, 1, len(results_df)))
Gathering player lookup table. This may take a moment.
NRFI report generated and saved to: C:\Users\liamp\Desktop\mlb-site\nrfi.html
[2026-03-29 13:04:30] $ 'C:\Users\liamp\AppData\Local\Programs\Python\Python313\python.exe' pitcher.py  # Running pitcher.py
Pitchers page created at: C:\Users\liamp\Desktop\mlb-site\pitchers.html
[2026-03-29 13:04:58] $ 'C:\Users\liamp\AppData\Local\Programs\Python\Python313\python.exe' topProps.py  # Running topProps.py
Top props page saved to: C:\Users\liamp\Desktop\mlb-site\top_props.html
[2026-03-29 13:04:59] $ 'C:\Users\liamp\AppData\Local\Programs\Python\Python313\python.exe' slate.py  # Running slate.py
Slate page generated successfully.
[2026-03-29 13:05:00] $ 'C:\Users\liamp\AppData\Local\Programs\Python\Python313\python.exe' index_page.py  # Running index_page.py
✅ HTML saved to C:\Users\liamp\Desktop\mlb-site\index.html
--------------------------------------------------------------------------------
Pushing updated HTML files to GitHub Pages...
[2026-03-29 13:05:23] $ 'C:\Users\liamp\AppData\Local\Programs\Git\cmd\git.exe' add .  # git add .
[2026-03-29 13:05:23] $ 'C:\Users\liamp\AppData\Local\Programs\Git\cmd\git.exe' commit -m 'Auto update HTMLs'  # git commit
[main 74c9290] Auto update HTMLs
 Committer: Liam Passi <Liamp@dorasnaturals.net>
Your name and email address were configured automatically based
on your username and hostname. Please check that they are accurate.
You can suppress this message by setting them explicitly:

    git config --global user.name "Your Name"
    git config --global user.email you@example.com

After doing this, you may fix the identity used for this commit with:

    git commit --amend --reset-author

 6 files changed, 5057 insertions(+), 4946 deletions(-)
 create mode 100644 _logs/run_20260329_130002.log
[2026-03-29 13:05:24] $ 'C:\Users\liamp\AppData\Local\Programs\Git\cmd\git.exe' push  # git push
To https://github.com/youngfinito/mlb-site.git
   c3cff27..74c9290  main -> main
=== MLB Pipeline Run Finished 2026-03-29 13:05:25 ===
