=== MLB Pipeline Run Started 2025-09-05 03:00:02 ===
SCRIPT_DIR: C:\mlbData
PYTHON_EXE: C:\Users\liamp\AppData\Local\Programs\Python\Python313\python.exe
REPO_PATH: C:\Users\liamp\Desktop\mlb-site
MPLCONFIGDIR: C:\mlbData\_mplcache
--------------------------------------------------------------------------------
[2025-09-05 03:00:02] $ 'C:\Users\liamp\AppData\Local\Programs\Python\Python313\python.exe' update.py  # Running update.py
This is a large query, it may take a moment to complete

  0%|          | 0/6 [00:00<?, ?it/s]C:\Users\liamp\AppData\Local\Programs\Python\Python313\Lib\site-packages\pybaseball\datahelpers\postprocessing.py:59: FutureWarning: errors='ignore' is deprecated and will raise in a future version. Use to_datetime without passing `errors` and catch exceptions explicitly instead
  data_copy[column] = data_copy[column].apply(pd.to_datetime, errors='ignore', format=date_format)

 17%|█▋        | 1/6 [00:09<00:46,  9.34s/it]C:\Users\liamp\AppData\Local\Programs\Python\Python313\Lib\site-packages\pybaseball\datahelpers\postprocessing.py:59: FutureWarning: errors='ignore' is deprecated and will raise in a future version. Use to_datetime without passing `errors` and catch exceptions explicitly instead
  data_copy[column] = data_copy[column].apply(pd.to_datetime, errors='ignore', format=date_format)

 33%|███▎      | 2/6 [00:22<00:46, 11.72s/it]C:\Users\liamp\AppData\Local\Programs\Python\Python313\Lib\site-packages\pybaseball\datahelpers\postprocessing.py:59: FutureWarning: errors='ignore' is deprecated and will raise in a future version. Use to_datetime without passing `errors` and catch exceptions explicitly instead
  data_copy[column] = data_copy[column].apply(pd.to_datetime, errors='ignore', format=date_format)

 50%|█████     | 3/6 [00:38<00:41, 13.75s/it]C:\Users\liamp\AppData\Local\Programs\Python\Python313\Lib\site-packages\pybaseball\datahelpers\postprocessing.py:59: FutureWarning: errors='ignore' is deprecated and will raise in a future version. Use to_datetime without passing `errors` and catch exceptions explicitly instead
  data_copy[column] = data_copy[column].apply(pd.to_datetime, errors='ignore', format=date_format)

 67%|██████▋   | 4/6 [00:39<00:16,  8.50s/it]
100%|██████████| 6/6 [00:39<00:00,  4.04s/it]
100%|██████████| 6/6 [00:39<00:00,  6.59s/it]
C:\Users\liamp\AppData\Local\Programs\Python\Python313\Lib\site-packages\pybaseball\statcast.py:85: FutureWarning: The behavior of DataFrame concatenation with empty or all-NA entries is deprecated. In a future version, this will no longer exclude empty or all-NA columns when determining the result dtypes. To retain the old behavior, exclude the relevant entries before the concat operation.
  final_data = pd.concat(dataframe_list, axis=0).convert_dtypes(convert_string=False)
[2025-09-05 03:01:12] $ 'C:\Users\liamp\AppData\Local\Programs\Python\Python313\python.exe' testMatchup.py  # Running testMatchup.py
Games scheduled for 2025-09-05: 15
Gathering player lookup table. This may take a moment.
Matchups generated: 238
Missing IDs for 23 players. Example: D. Baldwin, C. Williams, N. Alvarez, R. Hassell, L. Davidson
Matchup data saved to: C:\mlbData\batter_vs_pitcher_auto_matchups.csv
Matchup data also saved to: C:\mlbData\batter_matchups.csv
Total results: 133
[2025-09-05 03:01:34] $ 'C:\Users\liamp\AppData\Local\Programs\Python\Python313\python.exe' pitcherMatchup.py  # Running pitcherMatchup.py
Games scheduled for 2025-09-05: 15
Gathering player lookup table. This may take a moment.
Pitcher-batter rows generated: 239
Missing IDs for 22 players. Example: C. Meidroth, J. Caglianone, W. Bernabel, M. Harris, R. Mauricio
Pitcher matchup data saved to: C:\mlbData\pitcher_matchups.csv
Total results: 239
[2025-09-05 03:01:55] $ 'C:\Users\liamp\AppData\Local\Programs\Python\Python313\python.exe' weather.py  # Running weather.py
Games today: 15; Unique venues: 15
Weather data saved to: C:\mlbData\mlb_weather_today.csv
Prediction file saved to: C:\mlbData\mlb_high_scoring_predictions.csv
[2025-09-05 03:01:57] $ 'C:\Users\liamp\AppData\Local\Programs\Python\Python313\python.exe' kPred.py  # Running kPred.py
Gathering player lookup table. This may take a moment.
Missing batter IDs for Washington Nationals: ['R. Hassell']
Missing batter IDs for Arizona Diamondbacks: ['J. Lawlar']
Missing batter IDs for Cincinnati Reds: ['Sal Stewart']
Missing batter IDs for New York Mets: ['R. Mauricio']
Missing batter IDs for Pittsburgh Pirates: ['Cam Devanney']
Missing batter IDs for Baltimore Orioles: ['S. Basallo', 'D. Beavers']
Missing batter IDs for Miami Marlins: ['A. Ramirez', 'H. Hernandez']
Missing batter IDs for Atlanta Braves: ['Ronald Acuna', 'D. Baldwin', 'M. Harris', 'N. Alvarez']
Missing batter IDs for Tampa Bay Rays: ['C. Simpson', 'C. Williams']
Missing batter IDs for Kansas City Royals: ['J. Caglianone']
Missing batter IDs for Minnesota Twins: ['L. Keaschall']
Missing batter IDs for Texas Rangers: ['Avisail Garcia']
Missing batter IDs for Colorado Rockies: ['W. Bernabel', 'Y. Fernandez']
Missing batter IDs for Los Angeles Angels: ['L. Davidson']
Missing batter IDs for Boston Red Sox: ['C. Montgomery', 'C. Meidroth']
kPred.csv created with 30 rows at C:\mlbData\kPred.csv
[2025-09-05 03:02:13] $ 'C:\Users\liamp\AppData\Local\Programs\Python\Python313\python.exe' NRFI.py  # Running NRFI.py
C:\mlbData\NRFI.py:284: MatplotlibDeprecationWarning: The get_cmap function was deprecated in Matplotlib 3.7 and will be removed in 3.11. Use ``matplotlib.colormaps[name]`` or ``matplotlib.colormaps.get_cmap()`` or ``pyplot.get_cmap()`` instead.
  colors = cm.get_cmap('RdYlGn_r')(np.linspace(0, 1, len(results_df)))
Gathering player lookup table. This may take a moment.
NRFI report generated and saved to: C:\Users\liamp\Desktop\mlb-site\nrfi.html
[2025-09-05 03:02:31] $ 'C:\Users\liamp\AppData\Local\Programs\Python\Python313\python.exe' pitcher.py  # Running pitcher.py
Pitchers page created at: C:\Users\liamp\Desktop\mlb-site\pitchers.html
[2025-09-05 03:02:49] $ 'C:\Users\liamp\AppData\Local\Programs\Python\Python313\python.exe' topProps.py  # Running topProps.py
Top props page saved to: C:\Users\liamp\Desktop\mlb-site\top_props.html
[2025-09-05 03:02:50] $ 'C:\Users\liamp\AppData\Local\Programs\Python\Python313\python.exe' slate.py  # Running slate.py
Slate page generated successfully.
[2025-09-05 03:02:51] $ 'C:\Users\liamp\AppData\Local\Programs\Python\Python313\python.exe' index_page.py  # Running index_page.py
✅ HTML saved to C:\Users\liamp\Desktop\mlb-site\index.html
--------------------------------------------------------------------------------
Pushing updated HTML files to GitHub Pages...
[2025-09-05 03:03:06] $ 'C:\Users\liamp\AppData\Local\Programs\Git\cmd\git.exe' add .  # git add .
[2025-09-05 03:03:06] $ 'C:\Users\liamp\AppData\Local\Programs\Git\cmd\git.exe' commit -m 'Auto update HTMLs'  # git commit
[main 2c5635f] Auto update HTMLs
 Committer: Liam Passi <Liamp@dorasnaturals.net>
Your name and email address were configured automatically based
on your username and hostname. Please check that they are accurate.
You can suppress this message by setting them explicitly:

    git config --global user.name "Your Name"
    git config --global user.email you@example.com

After doing this, you may fix the identity used for this commit with:

    git commit --amend --reset-author

 7 files changed, 6480 insertions(+), 2581 deletions(-)
 create mode 100644 _logs/run_20250905_030002.log
[2025-09-05 03:03:07] $ 'C:\Users\liamp\AppData\Local\Programs\Git\cmd\git.exe' push  # git push
To https://github.com/youngfinito/mlb-site.git
   4786499..2c5635f  main -> main
=== MLB Pipeline Run Finished 2025-09-05 03:03:08 ===
