=== MLB Pipeline Run Started 2026-07-03 04:00:02 ===
SCRIPT_DIR: C:\mlbData
PYTHON_EXE: C:\Users\liamp\AppData\Local\Programs\Python\Python313\python.exe
REPO_PATH: C:\Users\liamp\Desktop\mlb-site
MPLCONFIGDIR: C:\mlbData\_mplcache
--------------------------------------------------------------------------------
[2026-07-03 04:00:02] $ 'C:\Users\liamp\AppData\Local\Programs\Python\Python313\python.exe' update.py  # Running update.py
C:\mlbData\update.py:18: SyntaxWarning: invalid escape sequence '\L'
  CONN_STR = "DRIVER={ODBC Driver 17 for SQL Server};SERVER=JULIOS-DT23\LIAMPLAYGROUND;DATABASE=mlbdb;UID=sa;PWD=Parlay123"
This is a large query, it may take a moment to complete

  0%|          | 0/6 [00:00<?, ?it/s]C:\Users\liamp\AppData\Local\Programs\Python\Python313\Lib\site-packages\pybaseball\datahelpers\postprocessing.py:59: FutureWarning: errors='ignore' is deprecated and will raise in a future version. Use to_datetime without passing `errors` and catch exceptions explicitly instead
  data_copy[column] = data_copy[column].apply(pd.to_datetime, errors='ignore', format=date_format)

 17%|█▋        | 1/6 [00:00<00:01,  3.03it/s]C:\Users\liamp\AppData\Local\Programs\Python\Python313\Lib\site-packages\pybaseball\datahelpers\postprocessing.py:59: FutureWarning: errors='ignore' is deprecated and will raise in a future version. Use to_datetime without passing `errors` and catch exceptions explicitly instead
  data_copy[column] = data_copy[column].apply(pd.to_datetime, errors='ignore', format=date_format)

 33%|███▎      | 2/6 [00:00<00:01,  3.33it/s]C:\Users\liamp\AppData\Local\Programs\Python\Python313\Lib\site-packages\pybaseball\datahelpers\postprocessing.py:59: FutureWarning: errors='ignore' is deprecated and will raise in a future version. Use to_datetime without passing `errors` and catch exceptions explicitly instead
  data_copy[column] = data_copy[column].apply(pd.to_datetime, errors='ignore', format=date_format)

 50%|█████     | 3/6 [00:00<00:00,  3.14it/s]C:\Users\liamp\AppData\Local\Programs\Python\Python313\Lib\site-packages\pybaseball\datahelpers\postprocessing.py:59: FutureWarning: errors='ignore' is deprecated and will raise in a future version. Use to_datetime without passing `errors` and catch exceptions explicitly instead
  data_copy[column] = data_copy[column].apply(pd.to_datetime, errors='ignore', format=date_format)

 67%|██████▋   | 4/6 [00:01<00:00,  3.13it/s]
100%|██████████| 6/6 [00:01<00:00,  5.64it/s]
100%|██████████| 6/6 [00:01<00:00,  4.37it/s]
C:\Users\liamp\AppData\Local\Programs\Python\Python313\Lib\site-packages\pybaseball\statcast.py:85: FutureWarning: The behavior of DataFrame concatenation with empty or all-NA entries is deprecated. In a future version, this will no longer exclude empty or all-NA columns when determining the result dtypes. To retain the old behavior, exclude the relevant entries before the concat operation.
  final_data = pd.concat(dataframe_list, axis=0).convert_dtypes(convert_string=False)
C:\mlbData\update.py:278: UserWarning: pandas only supports SQLAlchemy connectable (engine/connection) or database string URI or sqlite3 DBAPI2 connection. Other DBAPI2 objects are not tested. Please consider using SQLAlchemy.
  return pd.read_sql("SELECT mlbam_id, name FROM dbo.playerlookup", conn)
[2026-07-03 04:01:20] $ 'C:\Users\liamp\AppData\Local\Programs\Python\Python313\python.exe' testMatchup.py  # Running testMatchup.py
Games scheduled for 2026-07-03: 13
Gathering player lookup table. This may take a moment.
Matchups generated: 205
Missing IDs for 29 players. Example: S. Antonacci, M. Harris, C. Meidroth, J. Wetherholt, K. Griffin
Matchup data saved to: C:\mlbData\batter_vs_pitcher_auto_matchups.csv
Matchup data also saved to: C:\mlbData\batter_matchups.csv
Total results: 113
[2026-07-03 04:02:07] $ 'C:\Users\liamp\AppData\Local\Programs\Python\Python313\python.exe' pitcherMatchup.py  # Running pitcherMatchup.py
Games scheduled for 2026-07-03: 13
Gathering player lookup table. This may take a moment.
Pitcher-batter rows generated: 205
Missing IDs for 29 players. Example: B. Eldridge, A.J. Ewing, J. Wetherholt, S. Jones, N. Church
Pitcher matchup data saved to: C:\mlbData\pitcher_matchups.csv
Total results: 205
[2026-07-03 04:02:48] $ 'C:\Users\liamp\AppData\Local\Programs\Python\Python313\python.exe' weather.py  # Running weather.py
C:\mlbData\weather.py:200: FutureWarning: Downcasting behavior in `replace` is deprecated and will be removed in a future version. To retain the old behavior, explicitly call `result.infer_objects(copy=False)`. To opt-in to the future behavior, set `pd.set_option('future.no_silent_downcasting', True)`
  train = train.replace("Missing Info", np.nan)
Games today: 13; Unique venues: 13
[ERROR] Weather fetch failed for T-Mobile Park (Seattle,US): HTTPSConnectionPool(host='api.openweathermap.org', port=443): Max retries exceeded with url: /data/2.5/weather?appid=cbc3946c0996aef7218de807242aafa0&units=imperial&q=Seattle%2CUS (Caused by ConnectTimeoutError(<urllib3.connection.HTTPSConnection object at 0x0000023F3137B4D0>, 'Connection to api.openweathermap.org timed out. (connect timeout=5)'))
[ERROR] Weather fetch failed for Chase Field (Phoenix,US): HTTPSConnectionPool(host='api.openweathermap.org', port=443): Read timed out. (read timeout=5)
[ERROR] Weather fetch failed for Wrigley Field (Chicago,US): HTTPSConnectionPool(host='api.openweathermap.org', port=443): Max retries exceeded with url: /data/2.5/weather?appid=cbc3946c0996aef7218de807242aafa0&units=imperial&q=Chicago%2CUS (Caused by ConnectTimeoutError(<urllib3.connection.HTTPSConnection object at 0x0000023F313B7750>, 'Connection to api.openweathermap.org timed out. (connect timeout=5)'))
[ERROR] Weather fetch failed for Coors Field (Denver,US): HTTPSConnectionPool(host='api.openweathermap.org', port=443): Max retries exceeded with url: /data/2.5/weather?appid=cbc3946c0996aef7218de807242aafa0&units=imperial&q=Denver%2CUS (Caused by ConnectTimeoutError(<urllib3.connection.HTTPSConnection object at 0x0000023F313B79D0>, 'Connection to api.openweathermap.org timed out. (connect timeout=5)'))
[ERROR] Weather fetch failed for Sutter Health Park (Sacramento,US): HTTPSConnectionPool(host='api.openweathermap.org', port=443): Read timed out. (read timeout=5)
[ERROR] Weather fetch failed for Truist Park (Atlanta,US): HTTPSConnectionPool(host='api.openweathermap.org', port=443): Max retries exceeded with url: /data/2.5/weather?appid=cbc3946c0996aef7218de807242aafa0&units=imperial&q=Atlanta%2CUS (Caused by ConnectTimeoutError(<urllib3.connection.HTTPSConnection object at 0x0000023F313B79D0>, 'Connection to api.openweathermap.org timed out. (connect timeout=5)'))
[ERROR] Weather fetch failed for Great American Ball Park (Cincinnati,US): HTTPSConnectionPool(host='api.openweathermap.org', port=443): Max retries exceeded with url: /data/2.5/weather?appid=cbc3946c0996aef7218de807242aafa0&units=imperial&q=Cincinnati%2CUS (Caused by ConnectTimeoutError(<urllib3.connection.HTTPSConnection object at 0x0000023F313B7610>, 'Connection to api.openweathermap.org timed out. (connect timeout=5)'))
[ERROR] Weather fetch failed for Dodger Stadium (Los Angeles,US): HTTPSConnectionPool(host='api.openweathermap.org', port=443): Read timed out. (read timeout=5)
[ERROR] Weather fetch failed for Nationals Park (Washington,US): HTTPSConnectionPool(host='api.openweathermap.org', port=443): Max retries exceeded with url: /data/2.5/weather?appid=cbc3946c0996aef7218de807242aafa0&units=imperial&q=Washington%2CUS (Caused by ConnectTimeoutError(<urllib3.connection.HTTPSConnection object at 0x0000023F313B7110>, 'Connection to api.openweathermap.org timed out. (connect timeout=5)'))
[ERROR] Weather fetch failed for Minute Maid Park (Houston,US): HTTPSConnectionPool(host='api.openweathermap.org', port=443): Max retries exceeded with url: /data/2.5/weather?appid=cbc3946c0996aef7218de807242aafa0&units=imperial&q=Houston%2CUS (Caused by ConnectTimeoutError(<urllib3.connection.HTTPSConnection object at 0x0000023F313B7250>, 'Connection to api.openweathermap.org timed out. (connect timeout=5)'))
[ERROR] Weather fetch failed for Angel Stadium (Anaheim,US): HTTPSConnectionPool(host='api.openweathermap.org', port=443): Read timed out. (read timeout=5)
Weather data saved to: C:\mlbData\mlb_weather_today.csv
Prediction file saved to: C:\mlbData\mlb_high_scoring_predictions.csv
[2026-07-03 04:03:58] $ 'C:\Users\liamp\AppData\Local\Programs\Python\Python313\python.exe' kPred.py  # Running kPred.py
Gathering player lookup table. This may take a moment.
Missing batter IDs for Cardinals: ['J. Wetherholt', 'N. Church']
Missing batter IDs for Pirates: ['K. Griffin']
Missing batter IDs for Yankees: ['S. Jones']
Missing batter IDs for Twins: ['L. Keaschall']
Missing batter IDs for Guardians: ['T. Bazzana', 'C. DeLauter']
Missing batter IDs for White Sox: ['S. Antonacci', 'C. Montgomery', 'B. Montgomery', 'C. Meidroth', 'T. Peters', 'J. Gonzalez']
Missing batter IDs for Orioles: ['S. Basallo', 'D. Beavers']
Missing batter IDs for Braves: ['D. Baldwin', 'M. Harris']
Missing batter IDs for Mets: ['A.J. Ewing']
Missing batter IDs for Rockies: ['T. Johnston']
Missing batter IDs for Giants: ['B. Eldridge', 'V. Bericoto']
Missing batter IDs for Rays: ['C. Simpson']
Missing batter IDs for Angels: ['D. Guzman']
Missing batter IDs for Red Sox: ['A. Seigler']
Missing batter IDs for Diamondbacks: ['L. Groover']
Missing batter IDs for Blue Jays: ['K. Okamoto', 'Y. Pinango']
Missing batter IDs for Dodgers: ['D. Rushing']
Missing batter IDs for Padres: ['R. Duran']
kPred.csv created with 26 rows at C:\mlbData\kPred.csv
[2026-07-03 04:04:30] $ 'C:\Users\liamp\AppData\Local\Programs\Python\Python313\python.exe' NRFI.py  # Running NRFI.py
C:\mlbData\NRFI.py:284: MatplotlibDeprecationWarning: The get_cmap function was deprecated in Matplotlib 3.7 and will be removed in 3.11. Use ``matplotlib.colormaps[name]`` or ``matplotlib.colormaps.get_cmap()`` or ``pyplot.get_cmap()`` instead.
  colors = cm.get_cmap('RdYlGn_r')(np.linspace(0, 1, len(results_df)))
NRFI report generated and saved to: C:\Users\liamp\Desktop\mlb-site\nrfi.html
[2026-07-03 04:05:02] $ 'C:\Users\liamp\AppData\Local\Programs\Python\Python313\python.exe' pitcher.py  # Running pitcher.py
Pitchers page created at: C:\Users\liamp\Desktop\mlb-site\pitchers.html
[2026-07-03 04:05:42] $ 'C:\Users\liamp\AppData\Local\Programs\Python\Python313\python.exe' topProps.py  # Running topProps.py
Top props page saved to: C:\Users\liamp\Desktop\mlb-site\top_props.html
[2026-07-03 04:05:43] $ 'C:\Users\liamp\AppData\Local\Programs\Python\Python313\python.exe' slate.py  # Running slate.py
Slate page generated successfully.
[2026-07-03 04:05:44] $ 'C:\Users\liamp\AppData\Local\Programs\Python\Python313\python.exe' index_page.py  # Running index_page.py
✅ HTML saved to C:\Users\liamp\Desktop\mlb-site\index.html
--------------------------------------------------------------------------------
Pushing updated HTML files to GitHub Pages...
[2026-07-03 04:06:19] $ 'C:\Users\liamp\AppData\Local\Programs\Git\cmd\git.exe' add .  # git add .
[2026-07-03 04:06:20] $ 'C:\Users\liamp\AppData\Local\Programs\Git\cmd\git.exe' commit -m 'Auto update HTMLs'  # git commit
[main dbb3eea8] Auto update HTMLs
 Committer: Liam Passi <Liamp@dorasnaturals.net>
Your name and email address were configured automatically based
on your username and hostname. Please check that they are accurate.
You can suppress this message by setting them explicitly:

    git config --global user.name "Your Name"
    git config --global user.email you@example.com

After doing this, you may fix the identity used for this commit with:

    git commit --amend --reset-author

 7 files changed, 5293 insertions(+), 5356 deletions(-)
 create mode 100644 _logs/run_20260703_040002.log
[2026-07-03 04:06:21] $ 'C:\Users\liamp\AppData\Local\Programs\Git\cmd\git.exe' push  # git push
To https://github.com/youngfinito/mlb-site.git
   5f563325..dbb3eea8  main -> main
=== MLB Pipeline Run Finished 2026-07-03 04:06:22 ===
