=== MLB Pipeline Run Started 2026-04-25 19:00:02 ===
SCRIPT_DIR: C:\mlbData
PYTHON_EXE: C:\Users\liamp\AppData\Local\Programs\Python\Python313\python.exe
REPO_PATH: C:\Users\liamp\Desktop\mlb-site
MPLCONFIGDIR: C:\mlbData\_mplcache
--------------------------------------------------------------------------------
[2026-04-25 19:00:02] $ 'C:\Users\liamp\AppData\Local\Programs\Python\Python313\python.exe' update.py  # Running update.py
C:\mlbData\update.py:18: SyntaxWarning: invalid escape sequence '\L'
  CONN_STR = "DRIVER={ODBC Driver 17 for SQL Server};SERVER=JULIOS-DT23\LIAMPLAYGROUND;DATABASE=mlbdb;UID=sa;PWD=Parlay123"
This is a large query, it may take a moment to complete

  0%|          | 0/6 [00:00<?, ?it/s]C:\Users\liamp\AppData\Local\Programs\Python\Python313\Lib\site-packages\pybaseball\datahelpers\postprocessing.py:59: FutureWarning: errors='ignore' is deprecated and will raise in a future version. Use to_datetime without passing `errors` and catch exceptions explicitly instead
  data_copy[column] = data_copy[column].apply(pd.to_datetime, errors='ignore', format=date_format)

 17%|█▋        | 1/6 [00:00<00:01,  3.78it/s]C:\Users\liamp\AppData\Local\Programs\Python\Python313\Lib\site-packages\pybaseball\datahelpers\postprocessing.py:59: FutureWarning: errors='ignore' is deprecated and will raise in a future version. Use to_datetime without passing `errors` and catch exceptions explicitly instead
  data_copy[column] = data_copy[column].apply(pd.to_datetime, errors='ignore', format=date_format)

 33%|███▎      | 2/6 [00:00<00:01,  3.27it/s]C:\Users\liamp\AppData\Local\Programs\Python\Python313\Lib\site-packages\pybaseball\datahelpers\postprocessing.py:59: FutureWarning: errors='ignore' is deprecated and will raise in a future version. Use to_datetime without passing `errors` and catch exceptions explicitly instead
  data_copy[column] = data_copy[column].apply(pd.to_datetime, errors='ignore', format=date_format)

 50%|█████     | 3/6 [00:00<00:00,  3.05it/s]C:\Users\liamp\AppData\Local\Programs\Python\Python313\Lib\site-packages\pybaseball\datahelpers\postprocessing.py:59: FutureWarning: errors='ignore' is deprecated and will raise in a future version. Use to_datetime without passing `errors` and catch exceptions explicitly instead
  data_copy[column] = data_copy[column].apply(pd.to_datetime, errors='ignore', format=date_format)

 67%|██████▋   | 4/6 [00:01<00:00,  3.35it/s]C:\Users\liamp\AppData\Local\Programs\Python\Python313\Lib\site-packages\pybaseball\datahelpers\postprocessing.py:59: FutureWarning: errors='ignore' is deprecated and will raise in a future version. Use to_datetime without passing `errors` and catch exceptions explicitly instead
  data_copy[column] = data_copy[column].apply(pd.to_datetime, errors='ignore', format=date_format)

 83%|████████▎ | 5/6 [00:01<00:00,  3.16it/s]
100%|██████████| 6/6 [00:01<00:00,  3.64it/s]
C:\Users\liamp\AppData\Local\Programs\Python\Python313\Lib\site-packages\pybaseball\statcast.py:85: FutureWarning: The behavior of DataFrame concatenation with empty or all-NA entries is deprecated. In a future version, this will no longer exclude empty or all-NA columns when determining the result dtypes. To retain the old behavior, exclude the relevant entries before the concat operation.
  final_data = pd.concat(dataframe_list, axis=0).convert_dtypes(convert_string=False)
C:\mlbData\update.py:278: UserWarning: pandas only supports SQLAlchemy connectable (engine/connection) or database string URI or sqlite3 DBAPI2 connection. Other DBAPI2 objects are not tested. Please consider using SQLAlchemy.
  return pd.read_sql("SELECT mlbam_id, name FROM dbo.playerlookup", conn)
[2026-04-25 19:00:58] $ 'C:\Users\liamp\AppData\Local\Programs\Python\Python313\python.exe' testMatchup.py  # Running testMatchup.py
Games scheduled for 2026-04-25: 15
Gathering player lookup table. This may take a moment.
Matchups generated: 208
Missing IDs for 31 players. Example: K. Okamoto, G. Valera, M. Harris, C. DeLauter, D. Baldwin
Matchup data saved to: C:\mlbData\batter_vs_pitcher_auto_matchups.csv
Matchup data also saved to: C:\mlbData\batter_matchups.csv
Total results: 132
[2026-04-25 19:01:32] $ 'C:\Users\liamp\AppData\Local\Programs\Python\Python313\python.exe' pitcherMatchup.py  # Running pitcherMatchup.py
Games scheduled for 2026-04-25: 15
Gathering player lookup table. This may take a moment.
Pitcher-batter rows generated: 208
Missing IDs for 31 players. Example: M. Harris, H. Hernandez, A. Del Castillo, N. Church, J. Caglianone
Pitcher matchup data saved to: C:\mlbData\pitcher_matchups.csv
Total results: 208
[2026-04-25 19:02:10] $ 'C:\Users\liamp\AppData\Local\Programs\Python\Python313\python.exe' weather.py  # Running weather.py
Games today: 15; Unique venues: 15
Weather data saved to: C:\mlbData\mlb_weather_today.csv
Prediction file saved to: C:\mlbData\mlb_high_scoring_predictions.csv
[2026-04-25 19:02:13] $ 'C:\Users\liamp\AppData\Local\Programs\Python\Python313\python.exe' kPred.py  # Running kPred.py
Gathering player lookup table. This may take a moment.
Gathering player lookup table. This may take a moment.
Missing batter IDs for Cardinals: ['J. Wetherholt', 'N. Church']
Gathering player lookup table. This may take a moment.
Missing batter IDs for Blue Jays: ['K. Okamoto']
Gathering player lookup table. This may take a moment.
Gathering player lookup table. This may take a moment.
Missing batter IDs for Guardians: ['C. DeLauter', 'G. Valera']
Gathering player lookup table. This may take a moment.
Gathering player lookup table. This may take a moment.
Missing batter IDs for Marlins: ['A. Ramirez', 'H. Hernandez']
Gathering player lookup table. This may take a moment.
Gathering player lookup table. This may take a moment.
Gathering player lookup table. This may take a moment.
Gathering player lookup table. This may take a moment.
Gathering player lookup table. This may take a moment.
Gathering player lookup table. This may take a moment.
Missing batter IDs for White Sox: ['M. Murakami', 'C. Montgomery', 'E. Pereira', 'S. Antonacci', 'C. Meidroth', 'T. Peters']
Gathering player lookup table. This may take a moment.
Missing batter IDs for Rays: ['C. Simpson']
Gathering player lookup table. This may take a moment.
Missing batter IDs for Twins: ['L. Keaschall']
Gathering player lookup table. This may take a moment.
Gathering player lookup table. This may take a moment.
Missing batter IDs for Diamondbacks: ['A. Del Castillo', 'J. Fernandez']
Gathering player lookup table. This may take a moment.
Gathering player lookup table. This may take a moment.
Missing batter IDs for Royals: ['C. Jensen', 'J. Caglianone']
Gathering player lookup table. This may take a moment.
Missing batter IDs for Pirates: ['K. Griffin']
Gathering player lookup table. This may take a moment.
Gathering player lookup table. This may take a moment.
Gathering player lookup table. This may take a moment.
Missing batter IDs for Astros: ['B. Matthews']
Gathering player lookup table. This may take a moment.
Gathering player lookup table. This may take a moment.
Gathering player lookup table. This may take a moment.
Missing batter IDs for Braves: ['Ronald Acuna', 'D. Baldwin', 'M. Harris']
Gathering player lookup table. This may take a moment.
Missing batter IDs for Phillies: ['Avisail Garcia']
Gathering player lookup table. This may take a moment.
Missing batter IDs for Tigers: ['K. McGonigle']
Gathering player lookup table. This may take a moment.
Gathering player lookup table. This may take a moment.
Missing batter IDs for Dodgers: ['D. Rushing', 'A. Freeland']
Gathering player lookup table. This may take a moment.
Missing batter IDs for Cubs: ['M. Ballesteros']
kPred.csv created with 28 rows at C:\mlbData\kPred.csv
[2026-04-25 19:02:37] $ 'C:\Users\liamp\AppData\Local\Programs\Python\Python313\python.exe' NRFI.py  # Running NRFI.py
C:\mlbData\NRFI.py:284: MatplotlibDeprecationWarning: The get_cmap function was deprecated in Matplotlib 3.7 and will be removed in 3.11. Use ``matplotlib.colormaps[name]`` or ``matplotlib.colormaps.get_cmap()`` or ``pyplot.get_cmap()`` instead.
  colors = cm.get_cmap('RdYlGn_r')(np.linspace(0, 1, len(results_df)))
Gathering player lookup table. This may take a moment.
Gathering player lookup table. This may take a moment.
NRFI report generated and saved to: C:\Users\liamp\Desktop\mlb-site\nrfi.html
[2026-04-25 19:03:01] $ 'C:\Users\liamp\AppData\Local\Programs\Python\Python313\python.exe' pitcher.py  # Running pitcher.py
Pitchers page created at: C:\Users\liamp\Desktop\mlb-site\pitchers.html
[2026-04-25 19:03:29] $ 'C:\Users\liamp\AppData\Local\Programs\Python\Python313\python.exe' topProps.py  # Running topProps.py
Top props page saved to: C:\Users\liamp\Desktop\mlb-site\top_props.html
[2026-04-25 19:03:31] $ 'C:\Users\liamp\AppData\Local\Programs\Python\Python313\python.exe' slate.py  # Running slate.py
Slate page generated successfully.
[2026-04-25 19:03:32] $ 'C:\Users\liamp\AppData\Local\Programs\Python\Python313\python.exe' index_page.py  # Running index_page.py
✅ HTML saved to C:\Users\liamp\Desktop\mlb-site\index.html
--------------------------------------------------------------------------------
Pushing updated HTML files to GitHub Pages...
[2026-04-25 19:03:54] $ 'C:\Users\liamp\AppData\Local\Programs\Git\cmd\git.exe' add .  # git add .
[2026-04-25 19:03:55] $ 'C:\Users\liamp\AppData\Local\Programs\Git\cmd\git.exe' commit -m 'Auto update HTMLs'  # git commit
[main 276c422] Auto update HTMLs
 Committer: Liam Passi <Liamp@dorasnaturals.net>
Your name and email address were configured automatically based
on your username and hostname. Please check that they are accurate.
You can suppress this message by setting them explicitly:

    git config --global user.name "Your Name"
    git config --global user.email you@example.com

After doing this, you may fix the identity used for this commit with:

    git commit --amend --reset-author

 7 files changed, 5723 insertions(+), 5620 deletions(-)
 create mode 100644 _logs/run_20260425_190002.log
[2026-04-25 19:03:55] $ 'C:\Users\liamp\AppData\Local\Programs\Git\cmd\git.exe' push  # git push
To https://github.com/youngfinito/mlb-site.git
   9c162a8..276c422  main -> main
=== MLB Pipeline Run Finished 2026-04-25 19:03:56 ===
