=== MLB Pipeline Run Started 2026-05-21 02:00:05 ===
SCRIPT_DIR: C:\mlbData
PYTHON_EXE: C:\Users\liamp\AppData\Local\Programs\Python\Python313\python.exe
REPO_PATH: C:\Users\liamp\Desktop\mlb-site
MPLCONFIGDIR: C:\mlbData\_mplcache
--------------------------------------------------------------------------------
[2026-05-21 02:00:05] $ 'C:\Users\liamp\AppData\Local\Programs\Python\Python313\python.exe' update.py  # Running update.py
C:\mlbData\update.py:18: SyntaxWarning: invalid escape sequence '\L'
  CONN_STR = "DRIVER={ODBC Driver 17 for SQL Server};SERVER=JULIOS-DT23\LIAMPLAYGROUND;DATABASE=mlbdb;UID=sa;PWD=Parlay123"
This is a large query, it may take a moment to complete

  0%|          | 0/6 [00:00<?, ?it/s]C:\Users\liamp\AppData\Local\Programs\Python\Python313\Lib\site-packages\pybaseball\datahelpers\postprocessing.py:59: FutureWarning: errors='ignore' is deprecated and will raise in a future version. Use to_datetime without passing `errors` and catch exceptions explicitly instead
  data_copy[column] = data_copy[column].apply(pd.to_datetime, errors='ignore', format=date_format)

 17%|█▋        | 1/6 [00:00<00:04,  1.08it/s]C:\Users\liamp\AppData\Local\Programs\Python\Python313\Lib\site-packages\pybaseball\datahelpers\postprocessing.py:59: FutureWarning: errors='ignore' is deprecated and will raise in a future version. Use to_datetime without passing `errors` and catch exceptions explicitly instead
  data_copy[column] = data_copy[column].apply(pd.to_datetime, errors='ignore', format=date_format)

 33%|███▎      | 2/6 [00:08<00:19,  4.83s/it]C:\Users\liamp\AppData\Local\Programs\Python\Python313\Lib\site-packages\pybaseball\datahelpers\postprocessing.py:59: FutureWarning: errors='ignore' is deprecated and will raise in a future version. Use to_datetime without passing `errors` and catch exceptions explicitly instead
  data_copy[column] = data_copy[column].apply(pd.to_datetime, errors='ignore', format=date_format)

 50%|█████     | 3/6 [00:09<00:09,  3.08s/it]C:\Users\liamp\AppData\Local\Programs\Python\Python313\Lib\site-packages\pybaseball\datahelpers\postprocessing.py:59: FutureWarning: errors='ignore' is deprecated and will raise in a future version. Use to_datetime without passing `errors` and catch exceptions explicitly instead
  data_copy[column] = data_copy[column].apply(pd.to_datetime, errors='ignore', format=date_format)

 67%|██████▋   | 4/6 [00:10<00:04,  2.29s/it]
100%|██████████| 6/6 [00:10<00:00,  1.12s/it]
100%|██████████| 6/6 [00:10<00:00,  1.79s/it]
C:\Users\liamp\AppData\Local\Programs\Python\Python313\Lib\site-packages\pybaseball\statcast.py:85: FutureWarning: The behavior of DataFrame concatenation with empty or all-NA entries is deprecated. In a future version, this will no longer exclude empty or all-NA columns when determining the result dtypes. To retain the old behavior, exclude the relevant entries before the concat operation.
  final_data = pd.concat(dataframe_list, axis=0).convert_dtypes(convert_string=False)
C:\mlbData\update.py:278: UserWarning: pandas only supports SQLAlchemy connectable (engine/connection) or database string URI or sqlite3 DBAPI2 connection. Other DBAPI2 objects are not tested. Please consider using SQLAlchemy.
  return pd.read_sql("SELECT mlbam_id, name FROM dbo.playerlookup", conn)
[2026-05-21 02:01:24] $ 'C:\Users\liamp\AppData\Local\Programs\Python\Python313\python.exe' testMatchup.py  # Running testMatchup.py
Games scheduled for 2026-05-21: 7
Gathering player lookup table. This may take a moment.
Matchups generated: 97
Missing IDs for 21 players. Example: Y. Pinango, Ronald Acuna, Cesar Prieto, C. Cortes, M. Harris
Matchup data saved to: C:\mlbData\batter_vs_pitcher_auto_matchups.csv
Matchup data also saved to: C:\mlbData\batter_matchups.csv
Total results: 64
[2026-05-21 02:03:25] $ 'C:\Users\liamp\AppData\Local\Programs\Python\Python313\python.exe' pitcherMatchup.py  # Running pitcherMatchup.py
Games scheduled for 2026-05-21: 7
Gathering player lookup table. This may take a moment.
Pitcher-batter rows generated: 97
Missing IDs for 21 players. Example: T. Johnston, Y. Pinango, Ronald Acuna, A.J. Ewing, K. Griffin
Pitcher matchup data saved to: C:\mlbData\pitcher_matchups.csv
Total results: 97
[2026-05-21 02:04:54] $ 'C:\Users\liamp\AppData\Local\Programs\Python\Python313\python.exe' weather.py  # Running weather.py
C:\mlbData\weather.py:200: FutureWarning: Downcasting behavior in `replace` is deprecated and will be removed in a future version. To retain the old behavior, explicitly call `result.infer_objects(copy=False)`. To opt-in to the future behavior, set `pd.set_option('future.no_silent_downcasting', True)`
  train = train.replace("Missing Info", np.nan)
Games today: 7; Unique venues: 7
[WARN] No city mapping for venue: loanDepot Park
Weather data saved to: C:\mlbData\mlb_weather_today.csv
Prediction file saved to: C:\mlbData\mlb_high_scoring_predictions.csv
[2026-05-21 02:04:57] $ 'C:\Users\liamp\AppData\Local\Programs\Python\Python313\python.exe' kPred.py  # Running kPred.py
Gathering player lookup table. This may take a moment.
kPred.csv created with 14 rows at C:\mlbData\kPred.csv
[2026-05-21 02:06:11] $ 'C:\Users\liamp\AppData\Local\Programs\Python\Python313\python.exe' NRFI.py  # Running NRFI.py
NRFI report generated and saved to: C:\Users\liamp\Desktop\mlb-site\nrfi.html
[2026-05-21 02:06:40] $ 'C:\Users\liamp\AppData\Local\Programs\Python\Python313\python.exe' pitcher.py  # Running pitcher.py
Pitchers page created at: C:\Users\liamp\Desktop\mlb-site\pitchers.html
[2026-05-21 02:07:15] $ 'C:\Users\liamp\AppData\Local\Programs\Python\Python313\python.exe' topProps.py  # Running topProps.py
Top props page saved to: C:\Users\liamp\Desktop\mlb-site\top_props.html
[2026-05-21 02:07:17] $ 'C:\Users\liamp\AppData\Local\Programs\Python\Python313\python.exe' slate.py  # Running slate.py
Slate page generated successfully.
[2026-05-21 02:07:18] $ 'C:\Users\liamp\AppData\Local\Programs\Python\Python313\python.exe' index_page.py  # Running index_page.py
✅ HTML saved to C:\Users\liamp\Desktop\mlb-site\index.html
--------------------------------------------------------------------------------
Pushing updated HTML files to GitHub Pages...
[2026-05-21 02:07:46] $ 'C:\Users\liamp\AppData\Local\Programs\Git\cmd\git.exe' add .  # git add .
[2026-05-21 02:07:46] $ 'C:\Users\liamp\AppData\Local\Programs\Git\cmd\git.exe' commit -m 'Auto update HTMLs'  # git commit
[main 1ccac728] Auto update HTMLs
 Committer: Liam Passi <Liamp@dorasnaturals.net>
Your name and email address were configured automatically based
on your username and hostname. Please check that they are accurate.
You can suppress this message by setting them explicitly:

    git config --global user.name "Your Name"
    git config --global user.email you@example.com

After doing this, you may fix the identity used for this commit with:

    git commit --amend --reset-author

 6 files changed, 3427 insertions(+), 3336 deletions(-)
 create mode 100644 _logs/run_20260521_020005.log
[2026-05-21 02:07:47] $ 'C:\Users\liamp\AppData\Local\Programs\Git\cmd\git.exe' push  # git push
To https://github.com/youngfinito/mlb-site.git
   3643c296..1ccac728  main -> main
=== MLB Pipeline Run Finished 2026-05-21 02:07:48 ===
