=== MLB Pipeline Run Started 2026-07-08 12:00:01 ===
SCRIPT_DIR: C:\mlbData
PYTHON_EXE: C:\Users\liamp\AppData\Local\Programs\Python\Python313\python.exe
REPO_PATH: C:\Users\liamp\Desktop\mlb-site
MPLCONFIGDIR: C:\mlbData\_mplcache
--------------------------------------------------------------------------------
[2026-07-08 12:00:01] $ 'C:\Users\liamp\AppData\Local\Programs\Python\Python313\python.exe' update.py  # Running update.py
C:\mlbData\update.py:18: SyntaxWarning: invalid escape sequence '\L'
  CONN_STR = "DRIVER={ODBC Driver 17 for SQL Server};SERVER=JULIOS-DT23\LIAMPLAYGROUND;DATABASE=mlbdb;UID=sa;PWD=Parlay123"
This is a large query, it may take a moment to complete

  0%|          | 0/6 [00:00<?, ?it/s]C:\Users\liamp\AppData\Local\Programs\Python\Python313\Lib\site-packages\pybaseball\datahelpers\postprocessing.py:59: FutureWarning: errors='ignore' is deprecated and will raise in a future version. Use to_datetime without passing `errors` and catch exceptions explicitly instead
  data_copy[column] = data_copy[column].apply(pd.to_datetime, errors='ignore', format=date_format)

 17%|█▋        | 1/6 [00:00<00:01,  3.26it/s]C:\Users\liamp\AppData\Local\Programs\Python\Python313\Lib\site-packages\pybaseball\datahelpers\postprocessing.py:59: FutureWarning: errors='ignore' is deprecated and will raise in a future version. Use to_datetime without passing `errors` and catch exceptions explicitly instead
  data_copy[column] = data_copy[column].apply(pd.to_datetime, errors='ignore', format=date_format)

 33%|███▎      | 2/6 [00:00<00:01,  2.84it/s]C:\Users\liamp\AppData\Local\Programs\Python\Python313\Lib\site-packages\pybaseball\datahelpers\postprocessing.py:59: FutureWarning: errors='ignore' is deprecated and will raise in a future version. Use to_datetime without passing `errors` and catch exceptions explicitly instead
  data_copy[column] = data_copy[column].apply(pd.to_datetime, errors='ignore', format=date_format)

 50%|█████     | 3/6 [00:01<00:01,  2.77it/s]C:\Users\liamp\AppData\Local\Programs\Python\Python313\Lib\site-packages\pybaseball\datahelpers\postprocessing.py:59: FutureWarning: errors='ignore' is deprecated and will raise in a future version. Use to_datetime without passing `errors` and catch exceptions explicitly instead
  data_copy[column] = data_copy[column].apply(pd.to_datetime, errors='ignore', format=date_format)

 67%|██████▋   | 4/6 [00:01<00:00,  3.19it/s]C:\Users\liamp\AppData\Local\Programs\Python\Python313\Lib\site-packages\pybaseball\datahelpers\postprocessing.py:59: FutureWarning: errors='ignore' is deprecated and will raise in a future version. Use to_datetime without passing `errors` and catch exceptions explicitly instead
  data_copy[column] = data_copy[column].apply(pd.to_datetime, errors='ignore', format=date_format)

 83%|████████▎ | 5/6 [00:01<00:00,  2.86it/s]
100%|██████████| 6/6 [00:01<00:00,  3.40it/s]
C:\Users\liamp\AppData\Local\Programs\Python\Python313\Lib\site-packages\pybaseball\statcast.py:85: FutureWarning: The behavior of DataFrame concatenation with empty or all-NA entries is deprecated. In a future version, this will no longer exclude empty or all-NA columns when determining the result dtypes. To retain the old behavior, exclude the relevant entries before the concat operation.
  final_data = pd.concat(dataframe_list, axis=0).convert_dtypes(convert_string=False)
C:\mlbData\update.py:278: UserWarning: pandas only supports SQLAlchemy connectable (engine/connection) or database string URI or sqlite3 DBAPI2 connection. Other DBAPI2 objects are not tested. Please consider using SQLAlchemy.
  return pd.read_sql("SELECT mlbam_id, name FROM dbo.playerlookup", conn)
[2026-07-08 12:01:10] $ 'C:\Users\liamp\AppData\Local\Programs\Python\Python313\python.exe' testMatchup.py  # Running testMatchup.py
Games scheduled for 2026-07-08: 15
Gathering player lookup table. This may take a moment.
Matchups generated: 227
Missing IDs for 36 players. Example: S. Basallo, C. Simpson, D. Cavanaugh, V. Bericoto, C. Jensen
Matchup data saved to: C:\mlbData\batter_vs_pitcher_auto_matchups.csv
Matchup data also saved to: C:\mlbData\batter_matchups.csv
Total results: 119
[2026-07-08 12:01:47] $ 'C:\Users\liamp\AppData\Local\Programs\Python\Python313\python.exe' pitcherMatchup.py  # Running pitcherMatchup.py
Games scheduled for 2026-07-08: 15
Gathering player lookup table. This may take a moment.
Pitcher-batter rows generated: 227
Missing IDs for 36 players. Example: M. Harris, B. Matthews, K. Okamoto, A. Seigler, T. Bazzana
Pitcher matchup data saved to: C:\mlbData\pitcher_matchups.csv
Total results: 227
[2026-07-08 12:02:24] $ 'C:\Users\liamp\AppData\Local\Programs\Python\Python313\python.exe' weather.py  # Running weather.py
C:\mlbData\weather.py:200: FutureWarning: Downcasting behavior in `replace` is deprecated and will be removed in a future version. To retain the old behavior, explicitly call `result.infer_objects(copy=False)`. To opt-in to the future behavior, set `pd.set_option('future.no_silent_downcasting', True)`
  train = train.replace("Missing Info", np.nan)
C:\Users\liamp\AppData\Local\Programs\Python\Python313\Lib\site-packages\sklearn\impute\_base.py:637: UserWarning: Skipping features without any observed values: ['Temperature (F)' 'Humidity (%)' 'Wind Speed (mph)']. At least one non-missing value is needed for imputation with strategy='mean'.
  warnings.warn(
Games today: 15; Unique venues: 15
[ERROR] Weather fetch failed for Globe Life Field (Arlington,US): HTTPSConnectionPool(host='api.openweathermap.org', port=443): Max retries exceeded with url: /data/2.5/weather?appid=cbc3946c0996aef7218de807242aafa0&units=imperial&q=Arlington%2CUS (Caused by ConnectTimeoutError(<urllib3.connection.HTTPSConnection object at 0x00000205299174D0>, 'Connection to api.openweathermap.org timed out. (connect timeout=5)'))
[ERROR] Weather fetch failed for Nationals Park (Washington,US): HTTPSConnectionPool(host='api.openweathermap.org', port=443): Max retries exceeded with url: /data/2.5/weather?appid=cbc3946c0996aef7218de807242aafa0&units=imperial&q=Washington%2CUS (Caused by ConnectTimeoutError(<urllib3.connection.HTTPSConnection object at 0x0000020529953250>, 'Connection to api.openweathermap.org timed out. (connect timeout=5)'))
[ERROR] Weather fetch failed for Comerica Park (Detroit,US): HTTPSConnectionPool(host='api.openweathermap.org', port=443): Max retries exceeded with url: /data/2.5/weather?appid=cbc3946c0996aef7218de807242aafa0&units=imperial&q=Detroit%2CUS (Caused by ConnectTimeoutError(<urllib3.connection.HTTPSConnection object at 0x0000020529953750>, 'Connection to api.openweathermap.org timed out. (connect timeout=5)'))
[ERROR] Weather fetch failed for Oracle Park (San Francisco,US): HTTPSConnectionPool(host='api.openweathermap.org', port=443): Max retries exceeded with url: /data/2.5/weather?appid=cbc3946c0996aef7218de807242aafa0&units=imperial&q=San+Francisco%2CUS (Caused by ConnectTimeoutError(<urllib3.connection.HTTPSConnection object at 0x00000205299539D0>, 'Connection to api.openweathermap.org timed out. (connect timeout=5)'))
[ERROR] Weather fetch failed for PNC Park (Pittsburgh,US): HTTPSConnectionPool(host='api.openweathermap.org', port=443): Max retries exceeded with url: /data/2.5/weather?appid=cbc3946c0996aef7218de807242aafa0&units=imperial&q=Pittsburgh%2CUS (Caused by ConnectTimeoutError(<urllib3.connection.HTTPSConnection object at 0x0000020529953C50>, 'Connection to api.openweathermap.org timed out. (connect timeout=5)'))
[ERROR] Weather fetch failed for Busch Stadium (St. Louis,US): HTTPSConnectionPool(host='api.openweathermap.org', port=443): Max retries exceeded with url: /data/2.5/weather?appid=cbc3946c0996aef7218de807242aafa0&units=imperial&q=St.+Louis%2CUS (Caused by ConnectTimeoutError(<urllib3.connection.HTTPSConnection object at 0x00000205299539D0>, 'Connection to api.openweathermap.org timed out. (connect timeout=5)'))
[ERROR] Weather fetch failed for Oriole Park at Camden Yards (Baltimore,US): HTTPSConnectionPool(host='api.openweathermap.org', port=443): Max retries exceeded with url: /data/2.5/weather?appid=cbc3946c0996aef7218de807242aafa0&units=imperial&q=Baltimore%2CUS (Caused by ConnectTimeoutError(<urllib3.connection.HTTPSConnection object at 0x0000020529953610>, 'Connection to api.openweathermap.org timed out. (connect timeout=5)'))
[ERROR] Weather fetch failed for Petco Park (San Diego,US): HTTPSConnectionPool(host='api.openweathermap.org', port=443): Max retries exceeded with url: /data/2.5/weather?appid=cbc3946c0996aef7218de807242aafa0&units=imperial&q=San+Diego%2CUS (Caused by ConnectTimeoutError(<urllib3.connection.HTTPSConnection object at 0x0000020529953750>, 'Connection to api.openweathermap.org timed out. (connect timeout=5)'))
[ERROR] Weather fetch failed for Target Field (Minneapolis,US): HTTPSConnectionPool(host='api.openweathermap.org', port=443): Max retries exceeded with url: /data/2.5/weather?appid=cbc3946c0996aef7218de807242aafa0&units=imperial&q=Minneapolis%2CUS (Caused by ConnectTimeoutError(<urllib3.connection.HTTPSConnection object at 0x0000020529953110>, 'Connection to api.openweathermap.org timed out. (connect timeout=5)'))
[WARN] No city mapping for venue: loanDepot Park
[ERROR] Weather fetch failed for Great American Ball Park (Cincinnati,US): HTTPSConnectionPool(host='api.openweathermap.org', port=443): Max retries exceeded with url: /data/2.5/weather?appid=cbc3946c0996aef7218de807242aafa0&units=imperial&q=Cincinnati%2CUS (Caused by ConnectTimeoutError(<urllib3.connection.HTTPSConnection object at 0x0000020529953250>, 'Connection to api.openweathermap.org timed out. (connect timeout=5)'))
[ERROR] Weather fetch failed for Guaranteed Rate Field (Chicago,US): HTTPSConnectionPool(host='api.openweathermap.org', port=443): Max retries exceeded with url: /data/2.5/weather?appid=cbc3946c0996aef7218de807242aafa0&units=imperial&q=Chicago%2CUS (Caused by ConnectTimeoutError(<urllib3.connection.HTTPSConnection object at 0x0000020529952990>, 'Connection to api.openweathermap.org timed out. (connect timeout=5)'))
[ERROR] Weather fetch failed for Dodger Stadium (Los Angeles,US): HTTPSConnectionPool(host='api.openweathermap.org', port=443): Max retries exceeded with url: /data/2.5/weather?appid=cbc3946c0996aef7218de807242aafa0&units=imperial&q=Los+Angeles%2CUS (Caused by ConnectTimeoutError(<urllib3.connection.HTTPSConnection object at 0x0000020529952490>, 'Connection to api.openweathermap.org timed out. (connect timeout=5)'))
[ERROR] Weather fetch failed for Citi Field (New York,US): HTTPSConnectionPool(host='api.openweathermap.org', port=443): Max retries exceeded with url: /data/2.5/weather?appid=cbc3946c0996aef7218de807242aafa0&units=imperial&q=New+York%2CUS (Caused by ConnectTimeoutError(<urllib3.connection.HTTPSConnection object at 0x00000205299525D0>, 'Connection to api.openweathermap.org timed out. (connect timeout=5)'))
[ERROR] Weather fetch failed for Tropicana Field (St. Petersburg,US): HTTPSConnectionPool(host='api.openweathermap.org', port=443): Max retries exceeded with url: /data/2.5/weather?appid=cbc3946c0996aef7218de807242aafa0&units=imperial&q=St.+Petersburg%2CUS (Caused by ConnectTimeoutError(<urllib3.connection.HTTPSConnection object at 0x0000020529953ED0>, 'Connection to api.openweathermap.org timed out. (connect timeout=5)'))
Weather data saved to: C:\mlbData\mlb_weather_today.csv
[ERROR] Model fit failed: For a sparse output, all columns should be a numeric or convertible to a numeric.
[2026-07-08 12:03:36] $ 'C:\Users\liamp\AppData\Local\Programs\Python\Python313\python.exe' kPred.py  # Running kPred.py
Gathering player lookup table. This may take a moment.
Missing batter IDs for Giants: ['B. Eldridge', 'V. Bericoto', 'D. Cavanaugh']
Missing batter IDs for Blue Jays: ['K. Okamoto']
Missing batter IDs for Orioles: ['S. Basallo', 'D. Beavers']
Missing batter IDs for Tigers: ['K. McGonigle']
Missing batter IDs for Athletics: ['C. Cortes']
Missing batter IDs for Pirates: ['T. Callihan']
Missing batter IDs for Braves: ['M. Harris', 'D. Baldwin']
Missing batter IDs for Rays: ['C. Simpson']
Missing batter IDs for Astros: ['B. Matthews']
Missing batter IDs for Phillies: ['G. Rincones']
Missing batter IDs for Mets: ['A.J. Ewing']
Missing batter IDs for Royals: ['C. Jensen', 'J. Caglianone', 'T. Tolbert']
Missing batter IDs for White Sox: ['C. Montgomery', 'C. Meidroth', 'B. Montgomery', 'S. Antonacci', 'T. Peters']
Missing batter IDs for Red Sox: ['A. Seigler', 'T. Cheng']
Missing batter IDs for Twins: ['L. Keaschall']
Missing batter IDs for Guardians: ['T. Bazzana', 'C. DeLauter']
Missing batter IDs for Cardinals: ['J. Wetherholt', 'N. Church']
Missing batter IDs for Rangers: ['A. Osuna']
Missing batter IDs for Angels: ['D. Guzman']
Missing batter IDs for Dodgers: ['D. Rushing']
Missing batter IDs for Rockies: ['T. Johnston']
Missing batter IDs for Padres: ['S. Song']
kPred.csv created with 30 rows at C:\mlbData\kPred.csv
[2026-07-08 12:04:06] $ 'C:\Users\liamp\AppData\Local\Programs\Python\Python313\python.exe' NRFI.py  # Running NRFI.py
C:\mlbData\NRFI.py:284: MatplotlibDeprecationWarning: The get_cmap function was deprecated in Matplotlib 3.7 and will be removed in 3.11. Use ``matplotlib.colormaps[name]`` or ``matplotlib.colormaps.get_cmap()`` or ``pyplot.get_cmap()`` instead.
  colors = cm.get_cmap('RdYlGn_r')(np.linspace(0, 1, len(results_df)))
Gathering player lookup table. This may take a moment.
NRFI report generated and saved to: C:\Users\liamp\Desktop\mlb-site\nrfi.html
[2026-07-08 12:04:41] $ 'C:\Users\liamp\AppData\Local\Programs\Python\Python313\python.exe' pitcher.py  # Running pitcher.py
Pitchers page created at: C:\Users\liamp\Desktop\mlb-site\pitchers.html
[2026-07-08 12:05:18] $ 'C:\Users\liamp\AppData\Local\Programs\Python\Python313\python.exe' topProps.py  # Running topProps.py
Top props page saved to: C:\Users\liamp\Desktop\mlb-site\top_props.html
[2026-07-08 12:05:19] $ 'C:\Users\liamp\AppData\Local\Programs\Python\Python313\python.exe' slate.py  # Running slate.py
Slate page generated successfully.
[2026-07-08 12:05:21] $ 'C:\Users\liamp\AppData\Local\Programs\Python\Python313\python.exe' index_page.py  # Running index_page.py
✅ HTML saved to C:\Users\liamp\Desktop\mlb-site\index.html
--------------------------------------------------------------------------------
Pushing updated HTML files to GitHub Pages...
[2026-07-08 12:05:50] $ 'C:\Users\liamp\AppData\Local\Programs\Git\cmd\git.exe' add .  # git add .
[2026-07-08 12:05:50] $ 'C:\Users\liamp\AppData\Local\Programs\Git\cmd\git.exe' commit -m 'Auto update HTMLs'  # git commit
[main fc28165e] Auto update HTMLs
 Committer: Liam Passi <Liamp@dorasnaturals.net>
Your name and email address were configured automatically based
on your username and hostname. Please check that they are accurate.
You can suppress this message by setting them explicitly:

    git config --global user.name "Your Name"
    git config --global user.email you@example.com

After doing this, you may fix the identity used for this commit with:

    git commit --amend --reset-author

 6 files changed, 5616 insertions(+), 5485 deletions(-)
 create mode 100644 _logs/run_20260708_120001.log
[2026-07-08 12:05:50] $ 'C:\Users\liamp\AppData\Local\Programs\Git\cmd\git.exe' push  # git push
To https://github.com/youngfinito/mlb-site.git
   c7a17bf0..fc28165e  main -> main
=== MLB Pipeline Run Finished 2026-07-08 12:05:52 ===
