=== MLB Pipeline Run Started 2026-07-19 13:00:02 ===
SCRIPT_DIR: C:\mlbData
PYTHON_EXE: C:\Users\liamp\AppData\Local\Programs\Python\Python313\python.exe
REPO_PATH: C:\Users\liamp\Desktop\mlb-site
MPLCONFIGDIR: C:\mlbData\_mplcache
--------------------------------------------------------------------------------
[2026-07-19 13:00:02] $ 'C:\Users\liamp\AppData\Local\Programs\Python\Python313\python.exe' update.py  # Running update.py
C:\mlbData\update.py:18: SyntaxWarning: invalid escape sequence '\L'
  CONN_STR = "DRIVER={ODBC Driver 17 for SQL Server};SERVER=JULIOS-DT23\LIAMPLAYGROUND;DATABASE=mlbdb;UID=sa;PWD=Parlay123"
This is a large query, it may take a moment to complete

  0%|          | 0/6 [00:00<?, ?it/s]
 33%|███▎      | 2/6 [00:00<00:00, 15.98it/s]C:\Users\liamp\AppData\Local\Programs\Python\Python313\Lib\site-packages\pybaseball\datahelpers\postprocessing.py:59: FutureWarning: errors='ignore' is deprecated and will raise in a future version. Use to_datetime without passing `errors` and catch exceptions explicitly instead
  data_copy[column] = data_copy[column].apply(pd.to_datetime, errors='ignore', format=date_format)
C:\Users\liamp\AppData\Local\Programs\Python\Python313\Lib\site-packages\pybaseball\datahelpers\postprocessing.py:59: FutureWarning: errors='ignore' is deprecated and will raise in a future version. Use to_datetime without passing `errors` and catch exceptions explicitly instead
  data_copy[column] = data_copy[column].apply(pd.to_datetime, errors='ignore', format=date_format)

 67%|██████▋   | 4/6 [00:00<00:00,  7.37it/s]C:\Users\liamp\AppData\Local\Programs\Python\Python313\Lib\site-packages\pybaseball\datahelpers\postprocessing.py:59: FutureWarning: errors='ignore' is deprecated and will raise in a future version. Use to_datetime without passing `errors` and catch exceptions explicitly instead
  data_copy[column] = data_copy[column].apply(pd.to_datetime, errors='ignore', format=date_format)

 83%|████████▎ | 5/6 [00:00<00:00,  5.46it/s]
100%|██████████| 6/6 [00:00<00:00,  7.20it/s]
C:\Users\liamp\AppData\Local\Programs\Python\Python313\Lib\site-packages\pybaseball\statcast.py:85: FutureWarning: The behavior of DataFrame concatenation with empty or all-NA entries is deprecated. In a future version, this will no longer exclude empty or all-NA columns when determining the result dtypes. To retain the old behavior, exclude the relevant entries before the concat operation.
  final_data = pd.concat(dataframe_list, axis=0).convert_dtypes(convert_string=False)
C:\mlbData\update.py:278: UserWarning: pandas only supports SQLAlchemy connectable (engine/connection) or database string URI or sqlite3 DBAPI2 connection. Other DBAPI2 objects are not tested. Please consider using SQLAlchemy.
  return pd.read_sql("SELECT mlbam_id, name FROM dbo.playerlookup", conn)
[2026-07-19 13:01:01] $ 'C:\Users\liamp\AppData\Local\Programs\Python\Python313\python.exe' testMatchup.py  # Running testMatchup.py
Games scheduled for 2026-07-19: 15
Gathering player lookup table. This may take a moment.
Matchups generated: 250
Missing IDs for 37 players. Example: P. Ramirez, T. Johnston, Tommy White, J. Kuroda-Grauer, R. Waldschmidt
Matchup data saved to: C:\mlbData\batter_vs_pitcher_auto_matchups.csv
Matchup data also saved to: C:\mlbData\batter_matchups.csv
Total results: 130
[2026-07-19 13:01:34] $ 'C:\Users\liamp\AppData\Local\Programs\Python\Python313\python.exe' pitcherMatchup.py  # Running pitcherMatchup.py
Games scheduled for 2026-07-19: 15
Gathering player lookup table. This may take a moment.
Pitcher-batter rows generated: 250
Missing IDs for 37 players. Example: T. Tolbert, G. Rincones, B. Montgomery, K. Watson, T. Peters
Pitcher matchup data saved to: C:\mlbData\pitcher_matchups.csv
Total results: 250
[2026-07-19 13:02:09] $ 'C:\Users\liamp\AppData\Local\Programs\Python\Python313\python.exe' weather.py  # Running weather.py
Games today: 15; Unique venues: 15
Weather data saved to: C:\mlbData\mlb_weather_today.csv
Prediction file saved to: C:\mlbData\mlb_high_scoring_predictions.csv
[2026-07-19 13:02:11] $ 'C:\Users\liamp\AppData\Local\Programs\Python\Python313\python.exe' kPred.py  # Running kPred.py
Gathering player lookup table. This may take a moment.
Missing batter IDs for Blue Jays: ['K. Okamoto', 'B. Valenzuela']
Missing batter IDs for White Sox: ['S. Antonacci', 'M. Murakami', 'C. Montgomery', 'B. Montgomery', 'T. Peters']
Missing batter IDs for Dodgers: ['D. Rushing', 'D. Rushing']
Missing batter IDs for Rays: ['C. Simpson']
Missing batter IDs for Braves: ['D. Baldwin', 'M. Harris']
Missing batter IDs for Phillies: ['G. Rincones']
Missing batter IDs for Mets: ['A.J. Ewing']
Missing batter IDs for Guardians: ['T. Bazzana', 'C. DeLauter', 'K. Watson']
Missing batter IDs for Pirates: ['J. Gonzalez']
Missing batter IDs for Royals: ['C. Jensen', 'J. Caglianone', 'T. Tolbert']
Missing batter IDs for Marlins: ['H. Hernandez']
Missing batter IDs for Astros: ['Lucas Spence', 'R. Delgado']
Missing batter IDs for Orioles: ['D. Beavers', 'S. Basallo']
Missing batter IDs for Cubs: ['P. Ramirez']
Missing batter IDs for Twins: ['L. Keaschall']
Missing batter IDs for Rockies: ['T. Johnston']
Missing batter IDs for Athletics: ['J. Kuroda-Grauer', 'Tommy White']
Missing batter IDs for Angels: ['D. Guzman']
Missing batter IDs for Tigers: ['K. McGonigle']
Missing batter IDs for Giants: ['B. Eldridge', 'D. Cavanaugh']
Missing batter IDs for Diamondbacks: ['R. Waldschmidt']
Missing batter IDs for Cardinals: ['J. Wetherholt', 'N. Church']
kPred.csv created with 32 rows at C:\mlbData\kPred.csv
[2026-07-19 13:02:39] $ 'C:\Users\liamp\AppData\Local\Programs\Python\Python313\python.exe' NRFI.py  # Running NRFI.py
C:\mlbData\NRFI.py:284: MatplotlibDeprecationWarning: The get_cmap function was deprecated in Matplotlib 3.7 and will be removed in 3.11. Use ``matplotlib.colormaps[name]`` or ``matplotlib.colormaps.get_cmap()`` or ``pyplot.get_cmap()`` instead.
  colors = cm.get_cmap('RdYlGn_r')(np.linspace(0, 1, len(results_df)))
NRFI report generated and saved to: C:\Users\liamp\Desktop\mlb-site\nrfi.html
[2026-07-19 13:03:08] $ 'C:\Users\liamp\AppData\Local\Programs\Python\Python313\python.exe' pitcher.py  # Running pitcher.py
Pitchers page created at: C:\Users\liamp\Desktop\mlb-site\pitchers.html
[2026-07-19 13:03:39] $ 'C:\Users\liamp\AppData\Local\Programs\Python\Python313\python.exe' topProps.py  # Running topProps.py
Top props page saved to: C:\Users\liamp\Desktop\mlb-site\top_props.html
[2026-07-19 13:03:40] $ 'C:\Users\liamp\AppData\Local\Programs\Python\Python313\python.exe' slate.py  # Running slate.py
Slate page generated successfully.
[2026-07-19 13:03:41] $ 'C:\Users\liamp\AppData\Local\Programs\Python\Python313\python.exe' index_page.py  # Running index_page.py
✅ HTML saved to C:\Users\liamp\Desktop\mlb-site\index.html
--------------------------------------------------------------------------------
Pushing updated HTML files to GitHub Pages...
[2026-07-19 13:04:09] $ 'C:\Users\liamp\AppData\Local\Programs\Git\cmd\git.exe' add .  # git add .
[2026-07-19 13:04:09] $ 'C:\Users\liamp\AppData\Local\Programs\Git\cmd\git.exe' commit -m 'Auto update HTMLs'  # git commit
[main f0098f7f] Auto update HTMLs
 Committer: Liam Passi <Liamp@dorasnaturals.net>
Your name and email address were configured automatically based
on your username and hostname. Please check that they are accurate.
You can suppress this message by setting them explicitly:

    git config --global user.name "Your Name"
    git config --global user.email you@example.com

After doing this, you may fix the identity used for this commit with:

    git commit --amend --reset-author

 7 files changed, 6185 insertions(+), 6100 deletions(-)
 create mode 100644 _logs/run_20260719_130002.log
[2026-07-19 13:04:09] $ 'C:\Users\liamp\AppData\Local\Programs\Git\cmd\git.exe' push  # git push
To https://github.com/youngfinito/mlb-site.git
   cacb5553..f0098f7f  main -> main
=== MLB Pipeline Run Finished 2026-07-19 13:04:11 ===
