=== MLB Pipeline Run Started 2025-09-22 18:00:02 ===
SCRIPT_DIR: C:\mlbData
PYTHON_EXE: C:\Users\liamp\AppData\Local\Programs\Python\Python313\python.exe
REPO_PATH: C:\Users\liamp\Desktop\mlb-site
MPLCONFIGDIR: C:\mlbData\_mplcache
--------------------------------------------------------------------------------
[2025-09-22 18:00:02] $ 'C:\Users\liamp\AppData\Local\Programs\Python\Python313\python.exe' update.py  # Running update.py
This is a large query, it may take a moment to complete

  0%|          | 0/6 [00:00<?, ?it/s]C:\Users\liamp\AppData\Local\Programs\Python\Python313\Lib\site-packages\pybaseball\datahelpers\postprocessing.py:59: FutureWarning: errors='ignore' is deprecated and will raise in a future version. Use to_datetime without passing `errors` and catch exceptions explicitly instead
  data_copy[column] = data_copy[column].apply(pd.to_datetime, errors='ignore', format=date_format)

 17%|█▋        | 1/6 [00:09<00:46,  9.24s/it]C:\Users\liamp\AppData\Local\Programs\Python\Python313\Lib\site-packages\pybaseball\datahelpers\postprocessing.py:59: FutureWarning: errors='ignore' is deprecated and will raise in a future version. Use to_datetime without passing `errors` and catch exceptions explicitly instead
  data_copy[column] = data_copy[column].apply(pd.to_datetime, errors='ignore', format=date_format)

 33%|███▎      | 2/6 [00:15<00:28,  7.23s/it]C:\Users\liamp\AppData\Local\Programs\Python\Python313\Lib\site-packages\pybaseball\datahelpers\postprocessing.py:59: FutureWarning: errors='ignore' is deprecated and will raise in a future version. Use to_datetime without passing `errors` and catch exceptions explicitly instead
  data_copy[column] = data_copy[column].apply(pd.to_datetime, errors='ignore', format=date_format)

 50%|█████     | 3/6 [00:15<00:12,  4.12s/it]C:\Users\liamp\AppData\Local\Programs\Python\Python313\Lib\site-packages\pybaseball\datahelpers\postprocessing.py:59: FutureWarning: errors='ignore' is deprecated and will raise in a future version. Use to_datetime without passing `errors` and catch exceptions explicitly instead
  data_copy[column] = data_copy[column].apply(pd.to_datetime, errors='ignore', format=date_format)

 67%|██████▋   | 4/6 [00:15<00:05,  2.69s/it]C:\Users\liamp\AppData\Local\Programs\Python\Python313\Lib\site-packages\pybaseball\datahelpers\postprocessing.py:59: FutureWarning: errors='ignore' is deprecated and will raise in a future version. Use to_datetime without passing `errors` and catch exceptions explicitly instead
  data_copy[column] = data_copy[column].apply(pd.to_datetime, errors='ignore', format=date_format)

 83%|████████▎ | 5/6 [00:16<00:01,  1.86s/it]
100%|██████████| 6/6 [00:16<00:00,  2.74s/it]
C:\Users\liamp\AppData\Local\Programs\Python\Python313\Lib\site-packages\pybaseball\statcast.py:85: FutureWarning: The behavior of DataFrame concatenation with empty or all-NA entries is deprecated. In a future version, this will no longer exclude empty or all-NA columns when determining the result dtypes. To retain the old behavior, exclude the relevant entries before the concat operation.
  final_data = pd.concat(dataframe_list, axis=0).convert_dtypes(convert_string=False)
[2025-09-22 18:00:52] $ 'C:\Users\liamp\AppData\Local\Programs\Python\Python313\python.exe' testMatchup.py  # Running testMatchup.py
Games scheduled for 2025-09-22: 3
Gathering player lookup table. This may take a moment.
Matchups generated: 48
Missing IDs for 6 players. Example: B. Eldridge, N. Alvarez, Ronald Acuna, D. Baldwin, R. Hassell
Matchup data saved to: C:\mlbData\batter_vs_pitcher_auto_matchups.csv
Matchup data also saved to: C:\mlbData\batter_matchups.csv
Total results: 41
[2025-09-22 18:01:12] $ 'C:\Users\liamp\AppData\Local\Programs\Python\Python313\python.exe' pitcherMatchup.py  # Running pitcherMatchup.py
Games scheduled for 2025-09-22: 3
Gathering player lookup table. This may take a moment.
Pitcher-batter rows generated: 48
Missing IDs for 6 players. Example: Ronald Acuna, M. Harris, R. Hassell, N. Alvarez, D. Baldwin
Pitcher matchup data saved to: C:\mlbData\pitcher_matchups.csv
Total results: 48
[2025-09-22 18:01:31] $ 'C:\Users\liamp\AppData\Local\Programs\Python\Python313\python.exe' weather.py  # Running weather.py
Games today: 3; Unique venues: 3
Weather data saved to: C:\mlbData\mlb_weather_today.csv
Prediction file saved to: C:\mlbData\mlb_high_scoring_predictions.csv
[2025-09-22 18:01:33] $ 'C:\Users\liamp\AppData\Local\Programs\Python\Python313\python.exe' kPred.py  # Running kPred.py
Gathering player lookup table. This may take a moment.
Missing batter IDs for Atlanta Braves: ['Ronald Acuna', 'D. Baldwin', 'M. Harris', 'N. Alvarez']
Missing batter IDs for Washington Nationals: ['R. Hassell']
Missing batter IDs for San Francisco Giants: ['B. Eldridge']
kPred.csv created with 6 rows at C:\mlbData\kPred.csv
[2025-09-22 18:01:48] $ 'C:\Users\liamp\AppData\Local\Programs\Python\Python313\python.exe' NRFI.py  # Running NRFI.py
C:\mlbData\NRFI.py:284: MatplotlibDeprecationWarning: The get_cmap function was deprecated in Matplotlib 3.7 and will be removed in 3.11. Use ``matplotlib.colormaps[name]`` or ``matplotlib.colormaps.get_cmap()`` or ``pyplot.get_cmap()`` instead.
  colors = cm.get_cmap('RdYlGn_r')(np.linspace(0, 1, len(results_df)))
NRFI report generated and saved to: C:\Users\liamp\Desktop\mlb-site\nrfi.html
[2025-09-22 18:02:04] $ 'C:\Users\liamp\AppData\Local\Programs\Python\Python313\python.exe' pitcher.py  # Running pitcher.py
Pitchers page created at: C:\Users\liamp\Desktop\mlb-site\pitchers.html
[2025-09-22 18:02:21] $ 'C:\Users\liamp\AppData\Local\Programs\Python\Python313\python.exe' topProps.py  # Running topProps.py
Top props page saved to: C:\Users\liamp\Desktop\mlb-site\top_props.html
[2025-09-22 18:02:22] $ 'C:\Users\liamp\AppData\Local\Programs\Python\Python313\python.exe' slate.py  # Running slate.py
Slate page generated successfully.
[2025-09-22 18:02:23] $ 'C:\Users\liamp\AppData\Local\Programs\Python\Python313\python.exe' index_page.py  # Running index_page.py
✅ HTML saved to C:\Users\liamp\Desktop\mlb-site\index.html
--------------------------------------------------------------------------------
Pushing updated HTML files to GitHub Pages...
[2025-09-22 18:02:39] $ 'C:\Users\liamp\AppData\Local\Programs\Git\cmd\git.exe' add .  # git add .
[2025-09-22 18:02:39] $ 'C:\Users\liamp\AppData\Local\Programs\Git\cmd\git.exe' commit -m 'Auto update HTMLs'  # git commit
[main fda7720] Auto update HTMLs
 Committer: Liam Passi <Liamp@dorasnaturals.net>
Your name and email address were configured automatically based
on your username and hostname. Please check that they are accurate.
You can suppress this message by setting them explicitly:

    git config --global user.name "Your Name"
    git config --global user.email you@example.com

After doing this, you may fix the identity used for this commit with:

    git commit --amend --reset-author

 7 files changed, 2267 insertions(+), 2200 deletions(-)
 create mode 100644 _logs/run_20250922_180002.log
[2025-09-22 18:02:40] $ 'C:\Users\liamp\AppData\Local\Programs\Git\cmd\git.exe' push  # git push
To https://github.com/youngfinito/mlb-site.git
   cdea92b..fda7720  main -> main
=== MLB Pipeline Run Finished 2025-09-22 18:02:41 ===
